SF:lib/src/ui/common/error_handler.dart
DA:68,2
DA:69,4
DA:72,2
DA:76,2
DA:77,1
DA:78,1
DA:79,1
DA:80,1
DA:81,1
DA:82,0
DA:83,0
DA:87,2
DA:88,2
DA:92,4
DA:96,4
DA:100,4
DA:104,4
DA:108,2
DA:112,2
DA:113,2
DA:114,2
DA:115,2
DA:119,4
DA:127,2
DA:129,2
DA:130,2
DA:131,2
DA:132,2
DA:133,2
DA:134,2
DA:136,2
DA:137,2
DA:139,2
DA:140,2
DA:141,2
DA:142,2
DA:143,2
DA:149,2
DA:151,2
DA:152,0
DA:155,2
DA:156,1
DA:159,2
DA:162,2
DA:163,0
DA:164,2
DA:165,0
DA:166,2
DA:167,0
DA:168,2
DA:169,0
DA:170,2
DA:171,0
DA:172,2
DA:173,0
DA:174,2
DA:175,0
DA:176,2
DA:177,0
DA:178,2
DA:179,0
DA:180,2
DA:181,0
DA:182,2
DA:183,0
DA:184,2
DA:186,2
DA:187,2
DA:192,0
DA:197,0
DA:198,0
DA:200,0
DA:202,0
DA:204,0
DA:206,0
DA:208,0
DA:210,0
DA:212,0
DA:214,0
DA:216,0
DA:218,0
DA:222,0
DA:226,0
DA:228,0
DA:231,0
DA:232,0
DA:233,0
DA:234,0
DA:240,0
DA:241,0
DA:254,2
DA:256,2
DA:257,0
DA:258,2
DA:259,0
DA:260,2
DA:262,2
DA:264,2
DA:266,2
DA:268,2
DA:270,2
DA:272,2
DA:274,2
DA:276,2
DA:278,2
DA:280,2
DA:286,2
DA:291,2
DA:292,2
DA:295,2
DA:296,0
DA:297,0
DA:298,0
DA:303,4
DA:304,2
DA:305,2
DA:313,2
DA:320,2
DA:321,2
DA:323,2
DA:326,2
DA:327,0
DA:328,2
DA:329,2
DA:330,2
DA:334,2
DA:341,1
DA:346,1
DA:347,1
DA:353,1
DA:354,1
DA:357,1
DA:360,1
DA:363,1
DA:364,1
DA:367,1
DA:371,3
DA:375,1
DA:376,2
DA:377,1
DA:378,1
DA:379,1
DA:380,1
DA:382,2
DA:387,1
DA:388,1
DA:390,0
DA:391,0
DA:392,0
DA:402,2
DA:409,2
DA:410,2
DA:411,2
DA:417,2
DA:420,2
DA:423,2
DA:426,2
DA:429,2
DA:430,2
DA:431,2
DA:439,2
DA:443,4
DA:444,2
DA:445,2
DA:446,2
DA:448,4
DA:451,2
DA:454,2
DA:455,2
DA:456,4
DA:464,2
DA:475,0
DA:476,0
DA:479,0
DA:481,0
DA:482,0
DA:489,2
DA:491,0
DA:492,0
DA:493,0
DA:494,0
DA:496,0
DA:498,2
DA:499,0
DA:500,0
DA:502,4
DA:510,1
DA:514,1
DA:515,2
DA:516,1
DA:517,1
DA:518,1
DA:521,2
DA:529,1
DA:533,1
DA:534,1
DA:535,2
DA:536,1
DA:537,1
DA:538,1
DA:541,2
DA:553,0
DA:554,0
DA:555,0
DA:556,0
DA:557,0
DA:558,0
DA:561,0
DA:575,1
DA:587,0
DA:589,0
DA:590,0
DA:591,0
DA:600,0
DA:601,0
DA:602,0
DA:614,1
DA:615,2
DA:620,1
DA:623,1
DA:626,1
DA:630,1
DA:632,1
DA:636,1
DA:637,1
DA:646,1
DA:648,1
DA:652,1
DA:653,1
DA:669,0
DA:674,0
DA:675,0
DA:676,0
DA:687,0
DA:694,0
DA:695,0
DA:696,0
DA:710,0
DA:723,0
DA:725,0
DA:726,0
DA:732,0
DA:735,0
DA:738,0
DA:741,0
DA:749,0
DA:750,0
DA:752,0
DA:754,0
DA:755,0
DA:757,0
DA:758,0
DA:759,0
DA:765,0
DA:768,0
DA:770,0
DA:772,0
DA:773,0
DA:775,0
DA:787,3
DA:788,3
DA:789,3
DA:795,3
DA:799,0
DA:800,0
DA:801,0
DA:802,0
DA:811,0
DA:812,0
DA:813,0
DA:817,0
DA:818,0
DA:819,0
DA:820,0
DA:829,0
DA:830,0
DA:834,0
DA:835,0
DA:839,0
DA:840,0
DA:844,0
DA:849,0
DA:850,0
DA:853,0
DA:854,0
DA:855,0
DA:857,0
DA:858,0
DA:860,0
DA:861,0
DA:862,0
DA:870,0
DA:871,0
DA:873,0
DA:874,0
DA:875,0
LF:296
LH:162
end_of_record
SF:lib/src/data/model/exception/app_exception.dart
DA:3,6
DA:15,6
DA:17,3
DA:18,3
DA:23,1
DA:32,4
DA:41,0
DA:53,0
DA:62,1
DA:71,1
DA:80,0
DA:91,0
DA:94,0
DA:97,0
DA:98,0
DA:101,0
DA:102,0
DA:104,0
DA:107,0
DA:108,0
DA:109,0
DA:110,0
DA:121,0
DA:124,0
DA:125,0
DA:127,0
DA:133,5
LF:27
LH:9
end_of_record
SF:lib/src/ui/common/loading_screen.dart
DA:34,4
DA:40,0
DA:43,1
DA:45,0
DA:47,2
DA:48,2
DA:49,1
DA:51,1
DA:55,1
DA:56,3
DA:57,1
DA:61,1
DA:65,2
DA:66,1
DA:67,1
DA:70,1
DA:71,1
DA:72,1
DA:74,1
DA:75,0
DA:76,0
DA:77,0
DA:81,0
DA:84,1
DA:85,2
DA:86,1
DA:87,1
DA:91,1
DA:99,0
DA:104,0
DA:105,0
DA:106,0
DA:109,0
DA:112,0
DA:113,0
DA:116,0
DA:117,0
DA:118,0
DA:119,0
DA:120,0
DA:121,0
DA:123,0
DA:126,0
DA:128,0
DA:129,0
DA:130,0
DA:131,0
DA:135,0
DA:138,0
DA:139,0
DA:140,0
DA:141,0
DA:145,0
DA:155,0
DA:157,3
DA:159,6
DA:160,3
DA:161,6
DA:166,0
DA:167,0
DA:168,0
DA:169,0
DA:170,0
DA:172,0
DA:173,0
DA:174,0
DA:175,0
DA:176,0
DA:177,0
DA:183,0
DA:193,3
DA:195,0
DA:197,0
DA:200,0
DA:202,0
DA:203,0
DA:204,0
DA:205,0
DA:206,0
DA:207,0
DA:221,3
DA:225,0
DA:227,0
DA:229,0
DA:231,0
DA:232,0
DA:233,0
DA:237,0
DA:238,0
DA:239,0
DA:253,1
DA:255,0
DA:270,0
DA:274,0
DA:276,0
DA:277,0
DA:278,0
DA:279,0
DA:287,0
DA:288,0
DA:289,0
DA:295,0
DA:297,0
DA:298,0
DA:300,0
DA:301,0
DA:302,0
DA:304,0
DA:305,0
DA:306,0
DA:307,0
DA:311,0
DA:314,0
DA:315,0
DA:316,0
DA:317,0
DA:321,0
LF:117
LH:29
end_of_record
SF:lib/src/ui/common/loading_screen.g.dart
DA:11,4
DA:38,10
DA:39,5
LF:3
LH:3
end_of_record
SF:lib/l10n/app_localizations.dart
DA:65,10
DA:66,20
DA:70,9
DA:71,9
DA:1592,3
DA:1594,9
DA:1596,18
DA:1599,9
DA:1601,27
DA:1603,1
DA:1607,9
DA:1609,9
DA:1610,9
DA:1611,6
DA:1612,5
DA:1613,5
DA:1616,0
LF:17
LH:16
end_of_record
SF:lib/src/data/general_provider.dart
DA:11,0
DA:15,0
DA:16,0
DA:20,0
DA:23,0
DA:27,0
DA:28,0
DA:32,0
DA:35,0
DA:39,0
DA:40,0
DA:44,0
DA:47,0
DA:51,0
DA:52,0
DA:56,0
DA:57,0
DA:62,9
DA:63,0
LF:19
LH:1
end_of_record
SF:lib/src/data/general_provider.g.dart
DA:11,0
DA:15,21
DA:25,0
DA:29,21
DA:40,0
DA:44,18
DA:55,0
DA:59,0
LF:8
LH:3
end_of_record
SF:lib/src/data/model/cart_model.dart
DA:18,4
DA:20,1
DA:22,0
LF:3
LH:2
end_of_record
SF:lib/src/data/model/cart_model.g.dart
DA:11,0
DA:12,0
DA:13,0
DA:14,0
DA:15,0
DA:16,0
DA:17,0
DA:19,0
DA:20,0
DA:22,0
DA:25,0
DA:26,0
DA:27,0
DA:28,0
DA:29,0
DA:30,0
DA:31,0
DA:32,0
DA:33,0
LF:19
LH:0
end_of_record
SF:lib/src/data/model/product_model.dart
DA:17,0
DA:19,0
DA:20,0
DA:21,0
DA:22,0
DA:23,0
DA:24,0
DA:67,4
DA:69,8
DA:75,4
DA:76,4
DA:77,4
DA:80,4
DA:81,4
DA:87,1
DA:88,1
DA:96,1
DA:97,1
LF:18
LH:11
end_of_record
SF:lib/src/data/model/product_model.g.dart
DA:11,1
DA:12,1
DA:13,1
DA:14,1
DA:15,1
DA:16,1
DA:17,2
DA:19,1
DA:20,2
DA:21,2
DA:22,1
DA:23,1
DA:24,2
DA:25,1
DA:27,2
DA:28,2
DA:29,1
DA:30,1
DA:31,1
DA:32,1
DA:33,1
DA:34,1
DA:35,1
DA:36,1
DA:37,1
DA:38,1
DA:39,1
DA:40,1
DA:41,2
DA:42,2
DA:43,2
DA:44,2
DA:45,2
DA:48,1
DA:49,1
DA:50,1
DA:51,1
DA:52,1
DA:53,1
DA:54,2
DA:55,1
DA:56,1
DA:57,1
DA:58,1
DA:59,1
DA:60,2
DA:61,2
DA:62,1
DA:63,1
DA:64,1
DA:65,1
DA:66,2
DA:67,1
DA:68,2
DA:69,1
DA:70,1
DA:71,1
DA:72,2
DA:73,2
DA:74,2
DA:75,2
DA:76,2
DA:85,1
DA:87,1
DA:88,1
DA:89,2
DA:92,1
DA:94,1
DA:95,1
DA:96,2
LF:70
LH:70
end_of_record
SF:lib/src/data/model/ticket_model.dart
DA:57,5
DA:59,0
DA:65,0
DA:67,0
DA:68,0
DA:69,0
DA:72,0
DA:73,0
DA:74,0
DA:75,0
DA:76,0
DA:77,0
DA:78,0
DA:83,0
DA:86,0
DA:88,0
DA:89,0
DA:99,0
DA:100,0
DA:116,4
DA:118,0
DA:119,0
DA:122,0
DA:124,0
DA:125,0
LF:25
LH:2
end_of_record
SF:lib/src/data/model/ticket_model.g.dart
DA:11,0
DA:12,0
DA:13,0
DA:14,0
DA:16,0
DA:17,0
DA:18,0
DA:19,0
DA:20,0
DA:21,0
DA:22,0
DA:23,0
DA:24,0
DA:25,0
DA:26,0
DA:28,0
DA:29,0
DA:30,0
DA:31,0
DA:32,0
DA:33,0
DA:34,0
DA:35,0
DA:36,0
DA:39,0
DA:41,0
DA:42,0
DA:43,0
DA:45,0
DA:46,0
DA:48,0
DA:49,0
DA:50,0
DA:52,0
DA:54,0
DA:56,0
DA:59,0
DA:60,0
DA:61,0
DA:62,0
DA:63,0
DA:64,0
DA:65,0
DA:66,0
DA:67,0
DA:68,0
DA:69,0
DA:70,0
DA:71,0
DA:72,0
DA:74,0
DA:75,0
DA:76,0
DA:77,0
DA:78,0
DA:79,0
DA:80,0
DA:82,0
DA:83,0
DA:84,0
DA:85,0
DA:87,0
DA:88,0
DA:90,0
DA:91,0
DA:92,0
DA:93,0
DA:94,0
DA:95,0
DA:98,0
DA:99,0
DA:100,0
DA:101,0
DA:102,0
DA:105,0
DA:106,0
DA:107,0
DA:108,0
DA:109,0
DA:112,0
DA:113,0
DA:114,0
DA:115,0
DA:116,0
DA:117,0
DA:118,0
DA:119,0
DA:120,0
DA:121,0
DA:122,0
DA:123,0
DA:126,0
DA:127,0
DA:128,0
DA:129,0
DA:130,0
DA:131,0
DA:132,0
DA:133,0
DA:134,0
DA:135,0
LF:101
LH:0
end_of_record
SF:lib/src/data/model/user_model.dart
DA:24,4
DA:26,1
DA:28,0
DA:43,0
DA:44,0
LF:5
LH:2
end_of_record
SF:lib/src/data/model/user_model.g.dart
DA:11,0
DA:12,0
DA:13,0
DA:14,0
DA:15,0
DA:16,0
DA:17,0
DA:18,0
DA:19,0
DA:20,0
DA:23,0
DA:24,0
DA:25,0
DA:26,0
DA:27,0
DA:28,0
DA:29,0
DA:30,0
DA:31,0
DA:32,0
DA:33,0
DA:36,0
DA:37,0
DA:38,0
DA:39,0
DA:40,0
DA:41,0
DA:42,0
DA:43,0
DA:46,0
DA:47,0
DA:48,0
DA:49,0
DA:50,0
DA:51,0
DA:52,0
DA:53,0
LF:37
LH:0
end_of_record
SF:lib/src/data/repository/auth_repository.dart
DA:15,1
DA:17,3
DA:21,0
DA:23,0
DA:27,1
DA:29,3
DA:33,2
DA:34,6
DA:42,1
DA:43,4
DA:46,2
DA:47,6
DA:48,8
DA:49,4
DA:50,3
DA:51,2
DA:54,1
DA:62,1
DA:63,3
DA:67,2
DA:75,0
DA:78,0
DA:79,0
DA:80,0
DA:81,0
DA:83,0
DA:84,0
DA:88,0
DA:89,0
DA:91,0
DA:92,0
DA:93,0
DA:97,0
DA:98,0
DA:103,0
DA:104,0
DA:109,0
DA:112,0
DA:116,0
DA:117,0
DA:122,0
DA:123,0
DA:131,0
DA:132,0
DA:136,0
DA:139,0
DA:140,0
DA:143,0
DA:144,0
DA:145,0
DA:149,0
DA:150,0
DA:151,0
DA:152,0
DA:153,0
DA:154,0
DA:160,0
DA:161,0
DA:165,0
DA:168,0
DA:171,0
DA:178,0
DA:179,0
DA:183,0
DA:186,0
DA:187,0
DA:188,0
DA:192,0
DA:193,0
DA:194,0
DA:198,0
DA:199,0
DA:202,0
DA:203,0
DA:205,0
DA:206,0
DA:210,0
DA:211,0
DA:212,0
DA:213,0
DA:219,0
DA:220,0
DA:222,0
DA:223,0
DA:224,0
DA:225,0
DA:226,0
DA:227,0
DA:228,0
DA:229,0
DA:235,1
DA:236,2
DA:238,2
DA:239,2
DA:240,1
DA:241,2
DA:242,1
DA:243,2
DA:244,1
DA:245,1
DA:251,1
DA:252,2
DA:254,2
DA:255,2
DA:256,1
DA:257,2
DA:258,1
DA:259,2
DA:260,1
DA:261,1
DA:267,1
DA:268,2
DA:270,2
DA:274,2
DA:277,1
DA:278,3
DA:282,1
DA:283,2
DA:284,1
DA:285,2
DA:286,1
DA:287,1
DA:293,1
DA:294,2
DA:296,2
DA:297,2
DA:298,1
DA:299,2
DA:300,1
DA:301,2
DA:302,1
DA:308,1
DA:309,2
DA:311,2
DA:312,2
DA:314,0
DA:315,0
DA:316,0
DA:317,0
DA:318,0
DA:324,1
DA:325,2
DA:327,2
DA:329,0
DA:331,0
DA:336,1
DA:337,1
DA:338,1
DA:339,2
DA:341,2
DA:343,0
DA:344,0
DA:345,0
DA:346,0
DA:347,0
DA:353,0
DA:354,0
DA:356,0
DA:358,0
DA:360,0
DA:364,0
DA:365,0
DA:366,0
DA:368,0
DA:370,0
DA:371,0
DA:372,0
DA:373,0
DA:374,0
DA:380,0
DA:381,0
DA:383,0
DA:384,0
DA:385,0
DA:386,0
DA:387,0
DA:388,0
DA:389,0
DA:395,0
DA:396,0
DA:399,0
DA:400,0
DA:402,0
DA:403,0
DA:404,0
DA:405,0
DA:406,0
DA:413,1
DA:415,1
DA:417,1
DA:419,1
DA:421,1
DA:423,1
DA:425,1
DA:427,1
DA:429,1
DA:431,1
DA:433,1
DA:435,1
DA:437,1
LF:200
LH:84
end_of_record
SF:lib/src/data/repository/auth_repository.g.dart
DA:11,1
DA:15,12
DA:26,0
DA:30,0
DA:41,1
DA:45,24
LF:6
LH:4
end_of_record
SF:lib/src/utils/logger.dart
DA:4,27
DA:6,9
LF:2
LH:2
end_of_record
SF:lib/l10n/app_localizations_en.dart
DA:9,12
DA:11,3
DA:14,3
DA:17,0
DA:20,0
DA:23,1
DA:26,0
DA:29,0
DA:32,0
DA:35,0
DA:38,0
DA:41,0
DA:44,0
DA:47,0
DA:50,0
DA:53,0
DA:56,0
DA:59,0
DA:62,0
DA:65,0
DA:68,0
DA:71,0
DA:74,0
DA:77,0
DA:80,0
DA:83,0
DA:86,0
DA:89,0
DA:92,0
DA:95,0
DA:98,0
DA:101,0
DA:104,3
DA:107,3
DA:110,0
DA:113,0
DA:116,0
DA:119,0
DA:122,0
DA:125,0
DA:128,0
DA:131,0
DA:134,0
DA:137,0
DA:140,0
DA:143,0
DA:147,0
DA:150,0
DA:153,0
DA:155,0
DA:157,0
DA:159,0
DA:161,0
DA:164,1
DA:166,2
DA:167,1
DA:169,1
DA:172,1
DA:174,2
DA:175,1
DA:177,1
DA:180,0
DA:183,0
DA:184,0
DA:186,0
DA:189,0
DA:192,0
DA:193,0
DA:195,0
DA:198,0
DA:201,0
DA:204,0
DA:207,0
DA:210,0
DA:213,0
DA:216,0
DA:219,0
DA:222,0
DA:225,0
DA:228,0
DA:231,0
DA:234,0
DA:237,0
DA:240,0
DA:244,0
DA:247,0
DA:250,0
DA:253,0
DA:256,0
DA:259,0
DA:262,0
DA:266,0
DA:269,0
DA:273,0
DA:276,0
DA:279,0
DA:282,0
DA:285,0
DA:288,0
DA:291,0
DA:294,0
DA:297,0
DA:300,0
DA:303,0
DA:306,0
DA:309,0
DA:312,0
DA:315,0
DA:318,0
DA:320,0
DA:323,0
DA:325,0
DA:328,0
DA:330,0
DA:333,0
DA:336,0
DA:339,0
DA:342,0
DA:345,0
DA:348,0
DA:351,0
DA:354,0
DA:356,0
DA:359,0
DA:361,0
DA:364,0
DA:366,0
DA:369,0
DA:372,0
DA:375,0
DA:378,0
DA:382,0
DA:385,0
DA:388,0
DA:392,0
DA:396,0
DA:400,0
DA:403,0
DA:407,0
DA:410,0
DA:413,0
DA:417,0
DA:421,0
DA:424,0
DA:427,0
DA:430,0
DA:432,0
DA:435,0
DA:437,0
DA:440,0
DA:442,0
DA:445,0
DA:447,0
DA:450,0
DA:453,0
DA:456,0
DA:460,0
DA:462,0
DA:465,0
DA:469,0
DA:472,0
DA:475,0
DA:478,0
DA:482,0
DA:485,0
DA:488,0
DA:491,0
DA:494,0
DA:497,0
DA:500,0
DA:503,0
DA:506,0
DA:509,0
DA:512,0
DA:515,0
DA:518,0
DA:521,0
DA:524,0
DA:527,0
DA:530,0
DA:533,0
DA:536,0
DA:539,0
DA:542,0
DA:545,0
DA:549,0
DA:552,0
DA:556,0
DA:560,0
DA:564,0
DA:567,0
DA:570,0
DA:573,0
DA:577,0
DA:580,0
DA:583,0
DA:586,0
DA:589,0
DA:592,0
DA:595,0
DA:598,0
DA:601,0
DA:604,0
DA:607,0
DA:610,0
DA:613,0
DA:616,0
DA:619,0
DA:623,0
DA:627,0
DA:630,0
DA:633,0
DA:636,0
DA:639,0
DA:642,0
DA:645,0
DA:648,0
DA:651,0
DA:654,0
DA:657,0
DA:661,0
DA:664,0
DA:667,0
DA:670,0
DA:674,0
DA:677,0
DA:680,0
DA:683,0
DA:686,0
DA:688,0
DA:691,0
DA:693,0
DA:696,0
DA:699,0
DA:702,0
DA:705,0
DA:708,0
DA:711,0
DA:714,0
DA:716,0
DA:719,0
DA:722,0
DA:725,0
DA:727,0
DA:730,0
DA:733,0
DA:736,0
DA:740,0
DA:743,0
DA:746,0
DA:749,0
DA:752,0
DA:755,0
DA:758,0
DA:762,0
DA:765,0
DA:768,0
DA:772,0
DA:775,0
DA:779,0
DA:782,0
DA:785,0
DA:788,0
DA:792,0
DA:796,0
DA:800,3
DA:803,3
DA:806,0
DA:809,0
DA:812,0
DA:815,0
DA:819,0
DA:822,0
DA:825,0
DA:828,0
DA:831,0
DA:834,0
DA:837,0
DA:840,0
DA:843,0
LF:280
LH:16
end_of_record
SF:lib/l10n/app_localizations_ja.dart
DA:9,10
DA:11,0
DA:14,0
DA:17,0
DA:20,0
DA:23,3
DA:26,0
DA:29,0
DA:32,0
DA:35,0
DA:38,0
DA:41,0
DA:44,0
DA:47,0
DA:50,0
DA:53,0
DA:56,0
DA:59,0
DA:62,0
DA:65,0
DA:68,0
DA:71,0
DA:74,0
DA:77,0
DA:80,0
DA:83,0
DA:86,0
DA:89,0
DA:92,0
DA:95,0
DA:98,0
DA:101,0
DA:104,0
DA:107,0
DA:110,0
DA:113,0
DA:116,0
DA:119,0
DA:122,0
DA:125,0
DA:128,0
DA:131,0
DA:134,0
DA:137,0
DA:140,0
DA:143,0
DA:146,0
DA:149,0
DA:152,0
DA:154,0
DA:156,0
DA:158,0
DA:160,0
DA:163,1
DA:165,2
DA:166,1
DA:168,1
DA:171,2
DA:173,4
DA:174,2
DA:176,2
DA:179,0
DA:182,0
DA:183,0
DA:185,0
DA:188,0
DA:191,0
DA:192,0
DA:194,0
DA:197,0
DA:200,0
DA:203,0
DA:206,0
DA:209,0
DA:212,0
DA:215,0
DA:218,0
DA:221,0
DA:224,0
DA:227,0
DA:230,0
DA:233,0
DA:236,0
DA:239,0
DA:242,0
DA:245,0
DA:248,0
DA:251,0
DA:254,0
DA:257,0
DA:260,0
DA:263,0
DA:266,0
DA:269,0
DA:272,0
DA:275,0
DA:278,0
DA:281,0
DA:284,0
DA:287,1
DA:290,0
DA:293,0
DA:296,0
DA:299,0
DA:302,0
DA:305,0
DA:308,0
DA:311,0
DA:314,0
DA:316,0
DA:319,0
DA:321,0
DA:324,0
DA:326,0
DA:329,0
DA:332,0
DA:335,0
DA:338,0
DA:341,0
DA:344,0
DA:347,0
DA:350,0
DA:352,0
DA:355,0
DA:357,0
DA:360,0
DA:362,0
DA:365,0
DA:368,0
DA:371,0
DA:374,0
DA:377,0
DA:380,0
DA:383,0
DA:386,0
DA:389,0
DA:392,0
DA:395,0
DA:398,0
DA:401,0
DA:404,0
DA:407,0
DA:411,1
DA:414,0
DA:417,0
DA:420,0
DA:422,0
DA:425,0
DA:427,0
DA:430,0
DA:432,0
DA:435,0
DA:437,0
DA:440,0
DA:443,0
DA:446,0
DA:449,0
DA:451,0
DA:454,0
DA:457,0
DA:460,0
DA:463,0
DA:466,0
DA:469,0
DA:472,0
DA:475,0
DA:478,0
DA:481,0
DA:484,0
DA:487,0
DA:490,0
DA:493,0
DA:496,0
DA:499,0
DA:502,0
DA:505,0
DA:508,0
DA:511,0
DA:514,0
DA:517,0
DA:520,0
DA:523,0
DA:526,0
DA:529,0
DA:532,0
DA:535,0
DA:538,0
DA:541,0
DA:544,0
DA:547,0
DA:550,0
DA:553,0
DA:556,0
DA:559,0
DA:562,0
DA:565,0
DA:568,1
DA:571,2
DA:574,2
DA:577,2
DA:580,0
DA:583,0
DA:586,0
DA:589,0
DA:592,0
DA:595,0
DA:598,0
DA:601,0
DA:604,0
DA:608,0
DA:611,0
DA:614,0
DA:617,0
DA:620,0
DA:623,0
DA:626,0
DA:629,0
DA:632,0
DA:635,0
DA:638,0
DA:641,0
DA:644,0
DA:647,0
DA:650,0
DA:653,0
DA:656,0
DA:659,0
DA:662,0
DA:665,0
DA:667,0
DA:670,0
DA:672,0
DA:675,0
DA:678,0
DA:681,0
DA:684,0
DA:687,0
DA:690,0
DA:693,0
DA:695,0
DA:698,0
DA:701,0
DA:704,0
DA:706,0
DA:709,0
DA:712,0
DA:715,0
DA:718,0
DA:721,0
DA:724,0
DA:727,0
DA:730,0
DA:733,0
DA:736,0
DA:739,0
DA:742,0
DA:745,0
DA:748,0
DA:751,0
DA:755,0
DA:758,0
DA:761,0
DA:764,0
DA:767,0
DA:770,0
DA:773,0
DA:776,0
DA:779,0
DA:782,0
DA:785,0
DA:788,0
DA:791,0
DA:794,0
DA:797,0
DA:800,0
DA:803,0
DA:806,0
DA:809,0
DA:812,0
DA:815,0
LF:280
LH:16
end_of_record
SF:lib/src/data/model/util/json_converter.dart
DA:8,1
DA:9,1
DA:11,1
DA:12,2
DA:20,1
DA:30,0
DA:31,0
DA:33,0
DA:34,0
LF:9
LH:5
end_of_record
SF:lib/src/utils/json_converter.dart
DA:5,0
DA:6,0
DA:8,0
DA:9,0
DA:17,3
DA:19,0
DA:20,0
DA:22,0
DA:24,0
DA:28,0
DA:39,0
DA:41,0
DA:44,0
DA:50,0
DA:52,0
DA:53,0
DA:55,0
DA:56,0
DA:61,3
DA:63,0
DA:64,0
DA:66,0
DA:68,0
LF:23
LH:2
end_of_record
SF:lib/src/data/repository/ticket_repository.dart
DA:17,1
DA:19,2
DA:20,1
DA:24,1
DA:26,1
DA:27,1
DA:28,0
DA:29,0
DA:30,0
DA:31,0
DA:32,0
DA:33,0
DA:34,0
DA:41,0
DA:42,0
DA:44,0
DA:45,0
DA:48,0
DA:49,0
DA:55,0
DA:56,0
DA:58,0
DA:61,0
DA:62,0
DA:64,0
DA:65,0
DA:71,1
DA:72,3
DA:75,5
DA:76,1
DA:77,1
DA:78,1
DA:79,1
DA:82,0
DA:84,0
DA:85,0
DA:91,0
DA:92,0
DA:94,0
DA:95,0
DA:96,0
DA:98,0
DA:99,0
DA:101,0
DA:105,0
DA:106,0
DA:112,0
DA:113,0
DA:115,0
DA:116,0
DA:117,0
DA:118,0
DA:119,0
DA:125,0
DA:126,0
DA:128,0
DA:129,0
DA:130,0
DA:131,0
DA:132,0
DA:133,0
DA:134,0
DA:140,0
DA:141,0
DA:143,0
DA:144,0
DA:145,0
DA:146,0
DA:147,0
DA:153,0
DA:154,0
DA:156,0
DA:157,0
DA:158,0
DA:159,0
DA:160,0
DA:161,0
DA:167,0
DA:173,0
DA:174,0
DA:176,0
DA:182,0
DA:183,0
DA:185,0
DA:186,0
DA:187,0
DA:188,0
DA:194,0
DA:195,0
DA:197,0
DA:198,0
DA:199,0
DA:200,0
DA:201,0
DA:202,0
DA:203,0
DA:204,0
DA:205,0
DA:212,0
DA:214,0
DA:216,0
DA:217,0
DA:218,0
DA:223,0
DA:225,0
DA:227,0
DA:228,0
DA:229,0
DA:234,0
DA:236,0
DA:238,0
DA:239,0
DA:240,0
DA:249,0
DA:251,0
DA:255,0
DA:259,0
DA:260,0
DA:261,0
DA:262,0
DA:263,0
DA:264,0
DA:265,0
DA:266,0
DA:267,0
DA:268,0
DA:269,0
DA:270,0
DA:271,0
DA:277,0
DA:278,0
DA:280,0
DA:281,0
DA:282,0
DA:284,0
DA:285,0
DA:291,0
DA:292,0
DA:294,0
DA:295,0
DA:296,0
DA:302,0
DA:303,0
DA:306,0
DA:307,0
DA:309,0
DA:310,0
DA:311,0
DA:312,0
DA:315,0
DA:316,0
DA:317,0
DA:318,0
DA:320,0
DA:321,0
DA:322,0
DA:323,0
DA:328,0
DA:329,0
DA:335,0
DA:339,0
DA:341,0
DA:342,0
DA:343,0
DA:344,0
DA:345,0
DA:346,0
DA:352,0
DA:356,0
DA:358,0
DA:359,0
DA:360,0
DA:361,0
DA:362,0
DA:363,0
DA:369,0
DA:370,0
DA:372,0
DA:373,0
DA:374,0
DA:375,0
DA:382,0
DA:384,0
DA:386,0
DA:387,0
DA:388,0
DA:393,0
DA:395,0
DA:397,0
DA:398,0
DA:399,0
LF:191
LH:13
end_of_record
SF:lib/src/data/repository/ticket_repository.g.dart
DA:11,1
DA:15,3
DA:26,0
DA:30,0
DA:31,0
DA:42,0
DA:46,0
DA:48,0
DA:50,0
DA:52,0
DA:53,0
DA:56,0
DA:58,0
DA:60,0
DA:61,0
DA:72,2
DA:75,0
DA:78,0
DA:83,0
DA:87,0
DA:88,0
DA:94,0
DA:99,0
DA:103,0
DA:110,0
DA:112,0
DA:113,0
DA:129,0
DA:137,0
DA:141,0
DA:145,0
DA:147,0
DA:148,0
DA:149,0
DA:154,0
DA:159,0
DA:161,0
DA:164,0
DA:166,0
DA:169,0
DA:171,0
DA:172,0
DA:174,0
DA:186,0
DA:188,0
DA:189,0
DA:192,0
DA:201,2
DA:204,0
DA:208,0
DA:214,0
DA:218,0
DA:219,0
DA:220,0
DA:226,0
DA:231,0
DA:235,0
DA:242,0
DA:245,0
DA:246,0
DA:264,0
DA:273,0
DA:278,0
DA:282,0
DA:284,0
DA:285,0
DA:286,0
DA:291,0
DA:292,0
DA:297,0
DA:299,0
DA:302,0
DA:304,0
DA:305,0
DA:306,0
DA:309,0
DA:311,0
DA:312,0
DA:313,0
DA:315,0
DA:329,0
DA:331,0
DA:332,0
DA:333,0
DA:334,0
DA:337,0
DA:342,4
DA:343,2
DA:354,0
DA:365,2
DA:368,0
DA:371,0
DA:376,0
DA:380,0
DA:381,0
DA:387,0
DA:392,0
DA:396,0
DA:404,0
DA:406,0
DA:407,0
DA:423,0
DA:431,0
DA:435,0
DA:440,0
DA:442,0
DA:443,0
DA:444,0
DA:449,0
DA:454,0
DA:456,0
DA:459,0
DA:461,0
DA:464,0
DA:466,0
DA:467,0
DA:469,0
DA:482,0
DA:484,0
DA:485,0
DA:488,0
DA:498,2
DA:501,0
DA:505,0
DA:511,0
DA:515,0
DA:516,0
DA:517,0
DA:523,0
DA:528,0
DA:532,0
DA:540,0
DA:543,0
DA:544,0
DA:562,0
DA:571,0
DA:576,0
DA:580,0
DA:582,0
DA:583,0
DA:584,0
DA:589,0
DA:590,0
DA:595,0
DA:597,0
DA:600,0
DA:602,0
DA:603,0
DA:604,0
DA:607,0
DA:609,0
DA:610,0
DA:611,0
DA:613,0
DA:628,0
DA:630,0
DA:631,0
DA:632,0
DA:633,0
LF:159
LH:8
end_of_record
SF:lib/foundation/constants.dart
DA:6,2
DA:8,0
DA:9,0
DA:10,0
DA:11,0
DA:12,0
DA:13,0
DA:17,0
DA:22,0
DA:30,0
DA:31,0
DA:38,0
DA:41,0
DA:42,0
DA:43,0
DA:45,0
DA:51,0
DA:52,0
DA:53,0
DA:54,0
DA:55,0
DA:56,0
LF:22
LH:1
end_of_record
SF:lib/src/data/model/favorite_model.dart
DA:21,2
DA:23,0
DA:25,0
DA:26,0
LF:4
LH:1
end_of_record
SF:lib/src/data/model/favorite_model.g.dart
DA:11,0
DA:12,0
DA:13,0
DA:14,0
DA:15,0
DA:16,0
DA:17,0
DA:20,0
DA:21,0
DA:22,0
DA:23,0
DA:24,0
DA:25,0
DA:26,0
LF:14
LH:0
end_of_record
SF:lib/src/data/model/my_program_model.dart
DA:20,0
DA:21,0
DA:22,0
DA:23,0
LF:4
LH:0
end_of_record
SF:lib/src/data/model/my_program_model.g.dart
DA:11,0
DA:12,0
DA:13,0
DA:14,0
DA:15,0
DA:16,0
DA:17,0
DA:20,0
DA:21,0
DA:22,0
DA:23,0
DA:24,0
DA:25,0
DA:26,0
LF:14
LH:0
end_of_record
SF:lib/src/data/model/order_model.dart
DA:29,0
DA:67,0
DA:68,0
LF:3
LH:0
end_of_record
SF:lib/src/data/model/order_model.g.dart
DA:11,0
DA:12,0
DA:13,0
DA:14,0
DA:15,0
DA:16,0
DA:17,0
DA:18,0
DA:19,0
DA:20,0
DA:21,0
DA:22,0
DA:23,0
DA:24,0
DA:27,0
DA:28,0
DA:29,0
DA:30,0
DA:31,0
DA:32,0
DA:33,0
DA:34,0
DA:35,0
DA:37,0
DA:38,0
DA:39,0
DA:40,0
DA:49,0
DA:51,0
DA:52,0
DA:53,0
DA:54,0
DA:55,0
DA:56,0
DA:57,0
DA:58,0
DA:59,0
DA:60,0
DA:61,0
DA:62,0
DA:63,0
DA:64,0
DA:65,0
DA:66,0
DA:67,0
DA:68,0
DA:69,0
DA:70,0
DA:71,0
DA:72,0
DA:73,0
DA:74,0
DA:75,0
DA:76,0
DA:77,0
DA:80,0
DA:82,0
DA:83,0
DA:84,0
DA:85,0
DA:86,0
DA:87,0
DA:88,0
DA:89,0
DA:90,0
DA:91,0
DA:92,0
DA:93,0
DA:94,0
DA:95,0
DA:96,0
DA:97,0
DA:98,0
DA:99,0
DA:100,0
DA:101,0
DA:102,0
DA:103,0
LF:78
LH:0
end_of_record
SF:lib/src/data/model/program_model.dart
DA:39,5
DA:41,3
DA:55,0
DA:56,0
LF:4
LH:2
end_of_record
SF:lib/src/data/model/program_model.g.dart
DA:11,0
DA:12,0
DA:13,0
DA:14,0
DA:15,0
DA:16,0
DA:17,0
DA:18,0
DA:19,0
DA:20,0
DA:21,0
DA:22,0
DA:23,0
DA:24,0
DA:25,0
DA:27,0
DA:28,0
DA:29,0
DA:30,0
DA:31,0
DA:32,0
DA:33,0
DA:34,0
DA:35,0
DA:36,0
DA:37,0
DA:38,0
DA:39,0
DA:40,0
DA:43,0
DA:44,0
DA:45,0
DA:46,0
DA:47,0
DA:48,0
DA:49,0
DA:50,0
DA:51,0
DA:52,0
DA:53,0
DA:54,0
DA:55,0
DA:56,0
DA:57,0
DA:58,0
DA:59,0
DA:60,0
DA:61,0
DA:62,0
DA:63,0
DA:64,0
DA:65,0
LF:52
LH:0
end_of_record
SF:lib/src/data/model/staff_model.dart
DA:28,2
DA:30,0
DA:32,0
LF:3
LH:1
end_of_record
SF:lib/src/data/model/staff_model.g.dart
DA:11,0
DA:12,0
DA:13,0
DA:14,0
DA:15,0
DA:16,0
DA:17,0
DA:18,0
DA:19,0
DA:20,0
DA:21,0
DA:22,0
DA:23,0
DA:26,0
DA:27,0
DA:28,0
DA:29,0
DA:30,0
DA:31,0
DA:32,0
DA:33,0
DA:34,0
DA:35,0
DA:36,0
DA:37,0
DA:38,0
DA:39,0
LF:27
LH:0
end_of_record
SF:lib/src/data/model/sns/follow_model.dart
DA:26,0
DA:47,0
DA:48,0
LF:3
LH:0
end_of_record
SF:lib/src/data/model/sns/follow_model.g.dart
DA:11,0
DA:12,0
DA:13,0
DA:14,0
DA:15,0
DA:16,0
DA:17,0
DA:18,0
DA:19,0
DA:20,0
DA:21,0
DA:22,0
DA:25,0
DA:26,0
DA:27,0
DA:28,0
DA:29,0
DA:30,0
DA:31,0
DA:32,0
DA:33,0
DA:34,0
DA:35,0
DA:36,0
DA:37,0
DA:46,0
DA:47,0
DA:48,0
DA:49,0
DA:50,0
DA:51,0
DA:52,0
DA:53,0
DA:54,0
DA:55,0
DA:56,0
DA:57,0
DA:58,0
DA:59,0
DA:60,0
DA:63,0
DA:64,0
DA:65,0
DA:66,0
DA:67,0
DA:68,0
DA:69,0
DA:70,0
DA:71,0
DA:72,0
DA:73,0
DA:74,0
DA:75,0
DA:76,0
DA:77,0
LF:55
LH:0
end_of_record
SF:lib/src/data/model/sns/message_model.dart
DA:31,0
DA:32,0
DA:51,0
DA:52,0
LF:4
LH:0
end_of_record
SF:lib/src/data/model/sns/message_model.g.dart
DA:11,0
DA:12,0
DA:13,0
DA:14,0
DA:15,0
DA:16,0
DA:17,0
DA:18,0
DA:19,0
DA:20,0
DA:21,0
DA:22,0
DA:23,0
DA:24,0
DA:25,0
DA:26,0
DA:27,0
DA:28,0
DA:29,0
DA:30,0
DA:33,0
DA:34,0
DA:35,0
DA:36,0
DA:37,0
DA:38,0
DA:39,0
DA:40,0
DA:41,0
DA:42,0
DA:43,0
DA:44,0
DA:45,0
DA:46,0
DA:47,0
DA:48,0
DA:49,0
DA:50,0
DA:61,0
DA:62,0
DA:63,0
DA:64,0
DA:65,0
DA:66,0
DA:67,0
DA:68,0
DA:69,0
DA:70,0
DA:71,0
DA:72,0
DA:73,0
DA:74,0
DA:75,0
DA:76,0
DA:77,0
DA:79,0
DA:80,0
DA:81,0
DA:84,0
DA:85,0
DA:86,0
DA:87,0
DA:88,0
DA:89,0
DA:90,0
DA:91,0
DA:92,0
DA:93,0
DA:94,0
DA:95,0
DA:96,0
LF:71
LH:0
end_of_record
SF:lib/src/data/model/sns/notification_model.dart
DA:31,0
DA:32,0
DA:49,0
DA:50,0
LF:4
LH:0
end_of_record
SF:lib/src/data/model/sns/notification_model.g.dart
DA:11,0
DA:13,0
DA:14,0
DA:15,0
DA:16,0
DA:17,0
DA:18,0
DA:19,0
DA:20,0
DA:21,0
DA:22,0
DA:23,0
DA:24,0
DA:25,0
DA:26,0
DA:27,0
DA:28,0
DA:29,0
DA:32,0
DA:34,0
DA:35,0
DA:36,0
DA:37,0
DA:38,0
DA:39,0
DA:40,0
DA:41,0
DA:42,0
DA:43,0
DA:44,0
DA:45,0
DA:46,0
DA:47,0
DA:48,0
DA:49,0
DA:50,0
DA:65,0
DA:66,0
DA:67,0
DA:68,0
DA:69,0
DA:70,0
DA:71,0
DA:72,0
DA:73,0
DA:74,0
DA:75,0
DA:78,0
DA:79,0
DA:80,0
DA:81,0
DA:82,0
DA:83,0
DA:84,0
DA:85,0
DA:86,0
DA:87,0
DA:88,0
LF:58
LH:0
end_of_record
SF:lib/src/data/model/sns/post_model.dart
DA:30,0
DA:47,0
DA:48,0
DA:61,0
DA:62,0
LF:5
LH:0
end_of_record
SF:lib/src/data/model/sns/post_model.g.dart
DA:11,0
DA:12,0
DA:13,0
DA:14,0
DA:15,0
DA:16,0
DA:17,0
DA:18,0
DA:19,0
DA:20,0
DA:21,0
DA:22,0
DA:23,0
DA:24,0
DA:25,0
DA:26,0
DA:27,0
DA:28,0
DA:31,0
DA:32,0
DA:33,0
DA:34,0
DA:35,0
DA:36,0
DA:37,0
DA:38,0
DA:39,0
DA:40,0
DA:41,0
DA:42,0
DA:43,0
DA:44,0
DA:45,0
DA:46,0
DA:47,0
DA:57,0
DA:58,0
DA:59,0
DA:60,0
DA:61,0
DA:62,0
DA:63,0
DA:64,0
DA:65,0
DA:66,0
DA:67,0
DA:70,0
DA:71,0
DA:72,0
DA:73,0
DA:74,0
DA:75,0
DA:76,0
DA:77,0
DA:78,0
DA:79,0
DA:80,0
DA:83,0
DA:84,0
DA:85,0
DA:86,0
DA:87,0
DA:88,0
DA:89,0
DA:92,0
DA:93,0
DA:94,0
DA:95,0
DA:96,0
DA:97,0
DA:98,0
LF:71
LH:0
end_of_record
SF:lib/src/data/repository/base_repository.dart
DA:10,0
DA:15,0
DA:16,0
DA:20,0
DA:21,0
DA:23,0
DA:24,0
DA:26,0
DA:27,0
DA:28,0
DA:29,0
DA:30,0
DA:36,0
DA:41,0
DA:42,0
DA:43,0
DA:44,0
DA:50,0
DA:56,0
DA:64,0
DA:65,0
DA:68,0
DA:71,0
DA:74,0
DA:77,0
DA:80,0
DA:83,0
DA:86,0
DA:89,0
DA:92,0
DA:95,0
DA:100,0
DA:101,0
DA:102,0
DA:103,0
DA:111,0
DA:116,0
DA:118,0
DA:119,0
DA:120,0
DA:122,0
DA:123,0
DA:124,0
DA:125,0
DA:126,0
DA:136,0
DA:140,0
DA:145,0
DA:146,0
DA:148,0
DA:155,0
DA:162,0
DA:169,0
DA:172,0
LF:54
LH:0
end_of_record
SF:lib/src/data/repository/cart_repository.g.dart
DA:11,0
DA:15,0
DA:26,0
DA:30,0
DA:32,0
DA:34,0
DA:36,0
DA:37,0
DA:40,0
DA:42,0
DA:44,0
DA:45,0
DA:56,2
DA:59,0
DA:62,0
DA:67,0
DA:71,0
DA:72,0
DA:78,0
DA:83,0
DA:87,0
DA:94,0
DA:96,0
DA:97,0
DA:113,0
DA:121,0
DA:125,0
DA:129,0
DA:131,0
DA:132,0
DA:133,0
DA:138,0
DA:143,0
DA:145,0
DA:148,0
DA:150,0
DA:153,0
DA:155,0
DA:156,0
DA:158,0
DA:169,0
DA:171,0
DA:172,0
LF:43
LH:1
end_of_record
SF:lib/src/data/repository/cart_repository.dart
DA:17,0
DA:19,0
DA:23,0
DA:26,0
DA:27,0
DA:28,0
DA:29,0
DA:30,0
DA:31,0
DA:33,0
DA:34,0
DA:36,0
DA:37,0
DA:38,0
DA:39,0
DA:40,0
DA:46,0
DA:47,0
DA:49,0
DA:50,0
DA:51,0
DA:53,0
DA:54,0
DA:56,0
DA:61,0
DA:62,0
DA:64,0
DA:65,0
DA:66,0
DA:67,0
DA:68,0
DA:69,0
DA:70,0
DA:72,0
DA:73,0
DA:75,0
DA:76,0
DA:77,0
DA:79,0
DA:80,0
DA:85,0
DA:86,0
DA:88,0
DA:89,0
DA:90,0
DA:92,0
DA:93,0
DA:95,0
DA:96,0
DA:98,0
DA:103,0
DA:104,0
DA:106,0
DA:107,0
DA:108,0
DA:109,0
DA:110,0
DA:111,0
DA:113,0
DA:118,0
DA:119,0
DA:121,0
DA:122,0
DA:123,0
DA:124,0
DA:126,0
DA:132,0
DA:134,0
DA:136,0
DA:137,0
DA:138,0
DA:140,0
LF:72
LH:0
end_of_record
SF:lib/src/data/repository/favorite_repository.dart
DA:13,0
DA:20,0
DA:22,0
DA:26,0
DA:29,0
DA:30,0
DA:31,0
DA:32,0
DA:33,0
DA:34,0
DA:35,0
DA:36,0
DA:37,0
DA:38,0
DA:39,0
DA:40,0
DA:41,0
DA:47,0
DA:48,0
DA:50,0
DA:51,0
DA:52,0
DA:55,0
DA:56,0
DA:61,0
DA:66,0
DA:67,0
DA:69,0
DA:70,0
DA:71,0
DA:72,0
DA:74,0
DA:75,0
DA:77,0
DA:78,0
DA:83,0
DA:88,0
DA:89,0
DA:91,0
DA:92,0
DA:93,0
DA:94,0
DA:95,0
DA:96,0
DA:101,0
DA:102,0
DA:104,0
DA:105,0
DA:106,0
DA:107,0
DA:108,0
DA:109,0
DA:114,0
DA:115,0
DA:117,0
DA:118,0
DA:119,0
DA:120,0
DA:121,0
DA:122,0
DA:123,0
DA:128,0
DA:129,0
DA:131,0
DA:132,0
DA:133,0
DA:134,0
DA:135,0
DA:140,0
DA:141,0
DA:143,0
DA:145,0
DA:146,0
DA:147,0
DA:152,0
DA:158,0
DA:160,0
DA:161,0
DA:163,0
DA:164,0
DA:166,0
DA:167,0
DA:171,0
DA:172,0
DA:173,0
DA:174,0
DA:179,0
DA:182,0
DA:183,0
DA:184,0
DA:186,0
DA:187,0
DA:192,0
LF:93
LH:0
end_of_record
SF:lib/src/data/repository/favorite_repository.g.dart
DA:11,0
DA:16,0
DA:27,0
DA:32,0
DA:34,0
DA:36,0
DA:38,0
DA:39,0
DA:42,0
DA:44,0
DA:46,0
DA:47,0
DA:58,2
DA:61,0
DA:64,0
DA:69,0
DA:73,0
DA:74,0
DA:80,0
DA:85,0
DA:89,0
DA:96,0
DA:98,0
DA:99,0
DA:115,0
DA:123,0
DA:127,0
DA:131,0
DA:133,0
DA:134,0
DA:135,0
DA:140,0
DA:145,0
DA:147,0
DA:150,0
DA:152,0
DA:153,0
DA:156,0
DA:158,0
DA:159,0
DA:161,0
DA:173,0
DA:175,0
DA:177,0
LF:44
LH:1
end_of_record
SF:lib/src/data/repository/image_repository.dart
DA:14,0
DA:16,0
DA:20,0
DA:24,0
DA:29,0
DA:31,0
DA:32,0
DA:34,0
DA:36,0
DA:39,0
DA:40,0
DA:42,0
DA:43,0
DA:44,0
DA:45,0
DA:48,0
DA:49,0
DA:50,0
DA:55,0
DA:59,0
DA:61,0
DA:62,0
DA:66,0
DA:67,0
DA:70,0
DA:71,0
DA:73,0
DA:74,0
DA:75,0
DA:76,0
DA:79,0
DA:80,0
DA:81,0
DA:86,0
DA:90,0
DA:92,0
DA:93,0
DA:94,0
DA:95,0
DA:97,0
DA:98,0
DA:99,0
DA:100,0
DA:103,0
DA:104,0
DA:105,0
DA:110,0
DA:111,0
DA:113,0
DA:114,0
DA:115,0
DA:116,0
DA:117,0
DA:119,0
DA:120,0
DA:121,0
DA:122,0
DA:125,0
DA:126,0
DA:127,0
LF:60
LH:0
end_of_record
SF:lib/src/data/repository/image_repository.g.dart
DA:11,0
DA:15,0
LF:2
LH:0
end_of_record
SF:lib/src/data/repository/my_program_repository.g.dart
DA:11,0
DA:16,0
DA:27,0
DA:32,0
DA:34,0
DA:36,0
DA:38,0
DA:39,0
DA:42,0
DA:44,0
DA:46,0
DA:47,0
DA:58,2
DA:61,0
DA:64,0
DA:69,0
DA:73,0
DA:74,0
DA:80,0
DA:85,0
DA:89,0
DA:96,0
DA:98,0
DA:99,0
DA:115,0
DA:123,0
DA:127,0
DA:131,0
DA:133,0
DA:134,0
DA:135,0
DA:140,0
DA:145,0
DA:147,0
DA:150,0
DA:152,0
DA:153,0
DA:156,0
DA:158,0
DA:159,0
DA:161,0
DA:173,0
DA:175,0
DA:176,0
LF:44
LH:1
end_of_record
SF:lib/src/data/repository/my_program_repository.dart
DA:18,0
DA:20,0
DA:24,0
DA:27,0
DA:28,0
DA:29,0
DA:30,0
DA:31,0
DA:32,0
DA:34,0
DA:35,0
DA:36,0
DA:38,0
DA:39,0
DA:40,0
DA:41,0
DA:42,0
DA:48,0
DA:49,0
DA:51,0
DA:52,0
DA:53,0
DA:55,0
DA:57,0
DA:58,0
DA:59,0
DA:64,0
DA:65,0
DA:66,0
DA:69,0
DA:70,0
DA:71,0
DA:72,0
DA:74,0
DA:77,0
DA:78,0
DA:80,0
DA:81,0
DA:82,0
DA:87,0
DA:88,0
DA:90,0
DA:91,0
DA:92,0
DA:94,0
DA:95,0
DA:96,0
DA:97,0
DA:102,0
DA:103,0
DA:104,0
DA:107,0
DA:108,0
DA:109,0
DA:110,0
DA:111,0
DA:112,0
DA:117,0
DA:118,0
DA:119,0
DA:122,0
DA:123,0
DA:124,0
DA:125,0
DA:126,0
DA:127,0
DA:128,0
DA:133,0
DA:134,0
DA:135,0
DA:138,0
DA:139,0
DA:140,0
DA:141,0
DA:142,0
DA:147,0
DA:148,0
DA:149,0
DA:152,0
DA:153,0
DA:154,0
DA:157,0
DA:158,0
DA:159,0
DA:164,0
DA:165,0
DA:166,0
DA:169,0
DA:170,0
DA:171,0
DA:173,0
DA:174,0
DA:175,0
DA:181,0
DA:183,0
DA:184,0
DA:186,0
DA:188,0
DA:189,0
DA:191,0
DA:192,0
DA:196,0
DA:197,0
DA:198,0
DA:199,0
DA:200,0
DA:203,0
DA:204,0
DA:205,0
DA:207,0
DA:208,0
DA:213,0
LF:112
LH:0
end_of_record
SF:lib/src/data/repository/order_repository.dart
DA:15,0
DA:17,0
DA:21,0
DA:24,0
DA:25,0
DA:26,0
DA:27,0
DA:29,0
DA:30,0
DA:31,0
DA:33,0
DA:34,0
DA:35,0
DA:36,0
DA:37,0
DA:43,0
DA:44,0
DA:46,0
DA:47,0
DA:48,0
DA:49,0
DA:50,0
DA:51,0
DA:52,0
DA:54,0
DA:55,0
DA:56,0
DA:61,0
DA:62,0
DA:64,0
DA:65,0
DA:66,0
DA:67,0
DA:68,0
DA:69,0
DA:70,0
DA:72,0
DA:74,0
DA:75,0
DA:76,0
DA:81,0
DA:82,0
DA:85,0
DA:86,0
DA:87,0
DA:89,0
DA:90,0
DA:92,0
DA:95,0
DA:96,0
DA:98,0
DA:99,0
DA:100,0
DA:102,0
DA:103,0
DA:112,0
DA:114,0
DA:115,0
DA:116,0
DA:120,0
DA:121,0
DA:126,0
DA:127,0
DA:130,0
DA:131,0
DA:132,0
DA:137,0
DA:138,0
DA:140,0
DA:141,0
DA:142,0
DA:143,0
DA:144,0
DA:145,0
DA:150,0
DA:151,0
DA:153,0
DA:154,0
DA:155,0
DA:156,0
DA:157,0
DA:158,0
DA:159,0
DA:164,0
DA:165,0
DA:167,0
DA:168,0
DA:169,0
DA:170,0
DA:171,0
DA:176,0
DA:177,0
DA:179,0
DA:180,0
DA:182,0
DA:183,0
DA:184,0
DA:185,0
DA:188,0
DA:189,0
DA:190,0
DA:191,0
DA:192,0
DA:193,0
DA:198,0
DA:199,0
DA:201,0
DA:203,0
DA:204,0
DA:205,0
DA:208,0
DA:209,0
DA:210,0
DA:211,0
DA:212,0
DA:217,0
DA:218,0
DA:220,0
DA:222,0
DA:223,0
DA:224,0
DA:227,0
DA:228,0
DA:229,0
DA:230,0
DA:231,0
DA:236,0
DA:244,0
DA:245,0
DA:248,0
DA:252,0
DA:255,0
DA:258,0
DA:261,0
DA:264,0
DA:268,0
DA:272,0
DA:275,0
DA:277,0
DA:278,0
DA:279,0
DA:281,0
DA:283,0
DA:284,0
DA:285,0
LF:145
LH:0
end_of_record
SF:lib/src/data/repository/order_repository.g.dart
DA:11,0
DA:15,0
LF:2
LH:0
end_of_record
SF:lib/src/data/repository/product_repository.dart
DA:17,0
DA:19,0
DA:23,0
DA:49,0
DA:50,0
DA:54,0
DA:56,0
DA:57,0
DA:58,0
DA:59,0
DA:61,0
DA:62,0
DA:63,0
DA:65,0
DA:66,0
DA:67,0
DA:72,0
DA:75,0
DA:76,0
DA:80,0
DA:81,0
DA:82,0
DA:83,0
DA:85,0
DA:86,0
DA:87,0
DA:89,0
DA:91,0
DA:93,0
DA:94,0
DA:95,0
DA:97,0
DA:99,0
DA:100,0
DA:105,0
DA:110,0
DA:111,0
DA:113,0
DA:114,0
DA:115,0
DA:116,0
DA:117,0
DA:118,0
DA:120,0
DA:121,0
DA:122,0
DA:123,0
DA:128,0
DA:129,0
DA:131,0
DA:132,0
DA:133,0
DA:135,0
DA:136,0
DA:137,0
DA:142,0
DA:143,0
DA:146,0
DA:147,0
DA:149,0
DA:150,0
DA:151,0
DA:153,0
DA:155,0
DA:158,0
DA:159,0
DA:162,0
DA:163,0
DA:165,0
DA:166,0
DA:167,0
DA:172,0
DA:173,0
DA:175,0
DA:176,0
DA:177,0
DA:178,0
DA:179,0
DA:180,0
DA:185,0
DA:186,0
DA:188,0
DA:189,0
DA:190,0
DA:191,0
DA:192,0
DA:193,0
DA:198,0
DA:199,0
DA:201,0
DA:202,0
DA:203,0
DA:204,0
DA:205,0
DA:206,0
DA:207,0
DA:212,0
DA:213,0
DA:215,0
DA:216,0
DA:217,0
DA:218,0
DA:219,0
DA:224,0
DA:225,0
DA:227,0
DA:228,0
DA:229,0
DA:231,0
DA:232,0
DA:234,0
DA:237,0
DA:240,0
DA:242,0
DA:245,0
DA:246,0
DA:247,0
DA:252,0
DA:253,0
DA:255,0
DA:256,0
DA:258,0
DA:259,0
DA:260,0
DA:261,0
DA:264,0
DA:265,0
DA:266,0
DA:267,0
DA:268,0
DA:269,0
DA:274,0
DA:275,0
DA:277,0
DA:279,0
DA:280,0
DA:281,0
DA:284,0
DA:285,0
DA:286,0
DA:287,0
DA:288,0
DA:293,0
DA:294,0
DA:296,0
DA:298,0
DA:299,0
DA:300,0
DA:303,0
DA:304,0
DA:305,0
DA:306,0
DA:307,0
DA:312,0
DA:318,0
DA:319,0
DA:322,0
DA:326,0
DA:328,0
DA:332,0
DA:336,0
DA:340,0
DA:343,0
DA:344,0
DA:347,0
DA:348,0
DA:349,0
DA:350,0
DA:351,0
DA:352,0
DA:356,0
DA:358,0
DA:359,0
DA:360,0
DA:365,0
DA:366,0
DA:367,0
DA:370,0
DA:371,0
DA:372,0
DA:374,0
DA:377,0
DA:379,0
DA:381,0
DA:384,0
DA:385,0
DA:388,0
DA:389,0
DA:390,0
DA:395,0
DA:396,0
DA:400,0
DA:401,0
DA:402,0
DA:403,0
DA:404,0
DA:405,0
DA:407,0
DA:408,0
DA:411,0
DA:413,0
DA:414,0
DA:415,0
DA:416,0
DA:417,0
DA:418,0
DA:419,0
DA:425,0
DA:426,0
DA:428,0
DA:429,0
DA:430,0
DA:432,0
DA:435,0
DA:438,0
DA:441,0
DA:442,0
DA:443,0
DA:452,0
DA:454,0
DA:456,0
DA:457,0
DA:458,0
DA:459,0
DA:463,0
DA:468,0
DA:469,0
DA:472,0
DA:473,0
DA:474,0
DA:475,0
DA:479,0
DA:481,0
DA:483,0
DA:484,0
DA:485,0
DA:486,0
LF:237
LH:0
end_of_record
SF:lib/src/data/repository/product_repository.g.dart
DA:11,0
DA:15,6
DA:26,0
DA:30,0
DA:31,0
DA:42,0
DA:46,0
DA:48,0
DA:50,0
DA:52,0
DA:53,0
DA:56,0
DA:58,0
DA:60,0
DA:61,0
DA:72,2
DA:75,0
DA:78,0
DA:83,0
DA:87,0
DA:88,0
DA:94,0
DA:99,0
DA:103,0
DA:110,0
DA:112,0
DA:113,0
DA:129,0
DA:137,0
DA:141,0
DA:145,0
DA:147,0
DA:148,0
DA:149,0
DA:154,0
DA:159,0
DA:161,0
DA:164,0
DA:166,0
DA:167,0
DA:170,0
DA:172,0
DA:173,0
DA:175,0
DA:186,0
DA:188,0
DA:190,0
DA:193,0
DA:202,2
DA:205,0
DA:208,0
DA:213,0
DA:217,0
DA:218,0
DA:224,0
DA:229,0
DA:233,0
DA:240,0
DA:242,0
DA:243,0
DA:259,0
DA:267,0
DA:271,0
DA:275,0
DA:277,0
DA:278,0
DA:279,0
DA:284,0
DA:289,0
DA:291,0
DA:294,0
DA:296,0
DA:299,0
DA:301,0
DA:302,0
DA:304,0
DA:315,0
DA:317,0
DA:318,0
LF:79
LH:3
end_of_record
SF:lib/src/data/repository/program_repository.g.dart
DA:11,1
DA:15,9
DA:26,0
DA:30,0
DA:31,0
DA:42,0
DA:46,0
DA:48,0
DA:50,0
DA:52,0
DA:53,0
DA:56,0
DA:58,0
DA:60,0
DA:61,0
DA:72,2
DA:75,0
DA:78,0
DA:83,0
DA:87,0
DA:88,0
DA:94,0
DA:99,0
DA:103,0
DA:110,0
DA:112,0
DA:113,0
DA:129,0
DA:137,0
DA:141,0
DA:145,0
DA:147,0
DA:148,0
DA:149,0
DA:154,0
DA:159,0
DA:161,0
DA:164,0
DA:166,0
DA:169,0
DA:171,0
DA:172,0
DA:174,0
DA:185,0
DA:187,0
DA:188,0
DA:191,0
DA:200,2
DA:203,0
DA:206,0
DA:211,0
DA:215,0
DA:216,0
DA:222,0
DA:227,0
DA:231,0
DA:238,0
DA:240,0
DA:241,0
DA:257,0
DA:265,0
DA:269,0
DA:273,0
DA:275,0
DA:276,0
DA:277,0
DA:282,0
DA:287,0
DA:289,0
DA:292,0
DA:294,0
DA:297,0
DA:299,0
DA:300,0
DA:302,0
DA:313,0
DA:315,0
DA:316,0
DA:319,0
DA:330,2
DA:333,0
DA:336,0
DA:341,0
DA:345,0
DA:346,0
DA:352,0
DA:357,0
DA:361,0
DA:369,0
DA:371,0
DA:372,0
DA:388,0
DA:396,0
DA:400,0
DA:405,0
DA:407,0
DA:408,0
DA:409,0
DA:414,0
DA:419,0
DA:421,0
DA:424,0
DA:426,0
DA:427,0
DA:430,0
DA:432,0
DA:433,0
DA:435,0
DA:448,0
DA:450,0
DA:452,0
LF:111
LH:5
end_of_record
SF:lib/src/data/repository/program_repository.dart
DA:16,1
DA:18,3
DA:22,1
DA:25,2
DA:26,1
DA:27,1
DA:28,0
DA:29,0
DA:30,0
DA:31,0
DA:32,0
DA:33,0
DA:34,0
DA:35,0
DA:36,0
DA:41,1
DA:42,2
DA:44,1
DA:45,1
DA:46,1
DA:47,2
DA:48,3
DA:49,2
DA:50,0
DA:51,0
DA:52,1
DA:55,0
DA:56,0
DA:62,0
DA:63,0
DA:65,0
DA:66,0
DA:67,0
DA:68,0
DA:69,0
DA:71,0
DA:72,0
DA:74,0
DA:78,0
DA:79,0
DA:85,0
DA:86,0
DA:88,0
DA:89,0
DA:90,0
DA:91,0
DA:92,0
DA:93,0
DA:94,0
DA:95,0
DA:96,0
DA:97,0
DA:98,0
DA:99,0
DA:100,0
DA:102,0
DA:103,0
DA:104,0
DA:106,0
DA:107,0
DA:111,0
DA:112,0
DA:117,0
DA:118,0
DA:123,0
DA:124,0
DA:130,0
DA:131,0
DA:133,0
DA:134,0
DA:135,0
DA:136,0
DA:137,0
DA:138,0
DA:139,0
DA:145,0
DA:146,0
DA:148,0
DA:149,0
DA:150,0
DA:151,0
DA:152,0
DA:158,0
DA:159,0
DA:161,0
DA:162,0
DA:163,0
DA:164,0
DA:165,0
DA:171,0
DA:172,0
DA:174,0
DA:175,0
DA:176,0
DA:177,0
DA:178,0
DA:179,0
DA:185,0
DA:186,0
DA:188,0
DA:189,0
DA:190,0
DA:191,0
DA:197,0
DA:198,0
DA:200,0
DA:201,0
DA:202,0
DA:203,0
DA:205,0
DA:206,0
DA:208,0
DA:211,0
DA:212,0
DA:218,0
DA:219,0
DA:221,0
DA:222,0
DA:223,0
DA:224,0
DA:225,0
DA:227,0
DA:228,0
DA:229,0
DA:231,0
DA:234,0
DA:235,0
DA:241,0
DA:243,0
DA:245,0
DA:246,0
DA:247,0
DA:252,0
DA:254,0
DA:256,0
DA:257,0
DA:258,0
DA:263,0
DA:265,0
DA:267,0
DA:268,0
DA:269,0
DA:274,0
DA:276,0
DA:279,0
DA:280,0
DA:281,0
DA:282,0
LF:148
LH:15
end_of_record
SF:lib/src/data/repository/sns_repository.dart
DA:15,0
DA:17,0
DA:21,0
DA:24,0
DA:25,0
DA:29,0
DA:30,0
DA:32,0
DA:35,0
DA:36,0
DA:37,0
DA:38,0
DA:39,0
DA:48,0
DA:49,0
DA:51,0
DA:54,0
DA:55,0
DA:56,0
DA:57,0
DA:58,0
DA:67,0
DA:68,0
DA:70,0
DA:72,0
DA:76,0
DA:78,0
DA:79,0
DA:81,0
DA:82,0
DA:85,0
DA:86,0
DA:87,0
DA:88,0
DA:97,0
DA:98,0
DA:100,0
DA:102,0
DA:106,0
DA:108,0
DA:109,0
DA:111,0
DA:112,0
DA:115,0
DA:116,0
DA:117,0
DA:118,0
DA:128,0
DA:135,0
DA:138,0
DA:139,0
DA:140,0
DA:141,0
DA:142,0
DA:143,0
DA:146,0
DA:147,0
DA:149,0
DA:150,0
DA:151,0
DA:152,0
DA:161,0
DA:162,0
DA:165,0
DA:166,0
DA:167,0
DA:170,0
DA:172,0
DA:173,0
DA:175,0
DA:177,0
DA:178,0
DA:184,0
DA:185,0
DA:187,0
DA:190,0
DA:191,0
DA:192,0
DA:193,0
DA:194,0
DA:203,0
DA:204,0
DA:206,0
DA:209,0
DA:210,0
DA:211,0
DA:212,0
DA:213,0
DA:223,0
DA:229,0
DA:231,0
DA:233,0
DA:234,0
DA:235,0
DA:236,0
DA:237,0
DA:242,0
DA:243,0
DA:245,0
DA:246,0
DA:247,0
DA:248,0
DA:257,0
DA:258,0
DA:260,0
DA:262,0
DA:267,0
DA:269,0
DA:270,0
DA:272,0
DA:274,0
DA:275,0
DA:277,0
DA:286,0
DA:291,0
DA:293,0
DA:295,0
DA:296,0
DA:297,0
DA:298,0
DA:303,0
DA:305,0
DA:306,0
DA:308,0
DA:310,0
DA:311,0
DA:312,0
DA:313,0
DA:323,0
DA:327,0
DA:329,0
DA:331,0
DA:332,0
DA:333,0
DA:339,0
DA:341,0
DA:342,0
DA:344,0
DA:346,0
DA:347,0
DA:349,0
DA:358,0
DA:359,0
DA:361,0
DA:364,0
DA:365,0
DA:367,0
DA:368,0
DA:369,0
DA:370,0
DA:380,0
DA:386,0
DA:388,0
DA:390,0
DA:391,0
DA:392,0
DA:393,0
DA:394,0
DA:399,0
DA:400,0
DA:402,0
DA:403,0
DA:404,0
DA:405,0
DA:415,0
DA:416,0
DA:418,0
DA:420,0
DA:424,0
DA:425,0
DA:427,0
DA:429,0
DA:430,0
DA:431,0
DA:432,0
DA:441,0
DA:448,0
DA:450,0
DA:451,0
DA:452,0
DA:453,0
DA:454,0
DA:455,0
DA:457,0
DA:463,0
DA:464,0
DA:466,0
DA:468,0
DA:469,0
DA:471,0
DA:480,0
DA:485,0
DA:487,0
DA:488,0
DA:489,0
DA:491,0
DA:497,0
DA:499,0
DA:500,0
DA:502,0
DA:503,0
DA:506,0
DA:507,0
DA:508,0
DA:509,0
DA:518,0
DA:519,0
DA:521,0
DA:523,0
DA:527,0
DA:528,0
DA:529,0
DA:532,0
DA:534,0
DA:535,0
DA:536,0
DA:537,0
DA:547,0
DA:552,0
DA:554,0
DA:556,0
DA:557,0
DA:558,0
DA:559,0
DA:564,0
DA:566,0
DA:567,0
DA:569,0
DA:571,0
DA:572,0
DA:573,0
DA:574,0
DA:583,0
DA:588,0
DA:590,0
DA:592,0
DA:593,0
DA:594,0
DA:595,0
DA:600,0
DA:602,0
DA:603,0
DA:605,0
DA:607,0
DA:608,0
DA:609,0
DA:610,0
DA:620,0
DA:624,0
DA:626,0
DA:628,0
DA:632,0
DA:633,0
DA:635,0
DA:637,0
DA:638,0
DA:639,0
DA:640,0
DA:649,0
DA:654,0
DA:656,0
DA:658,0
DA:659,0
DA:660,0
DA:661,0
DA:666,0
DA:668,0
DA:669,0
DA:671,0
DA:672,0
DA:675,0
DA:676,0
DA:677,0
DA:678,0
DA:687,0
DA:688,0
DA:690,0
DA:693,0
DA:694,0
DA:695,0
DA:696,0
DA:697,0
LF:282
LH:0
end_of_record
SF:lib/src/data/repository/sns_repository.g.dart
DA:11,0
DA:15,0
LF:2
LH:0
end_of_record
SF:lib/src/data/repository/staff_repository.g.dart
DA:11,0
DA:15,3
DA:26,0
DA:31,0
DA:33,0
DA:35,0
DA:37,0
DA:38,0
DA:41,0
DA:43,0
DA:45,0
DA:46,0
DA:63,2
DA:68,0
DA:71,0
DA:76,0
DA:80,0
DA:81,0
DA:87,0
DA:92,0
DA:96,0
DA:107,0
DA:109,0
DA:110,0
DA:126,0
DA:134,0
DA:138,0
DA:142,0
DA:144,0
DA:145,0
DA:146,0
DA:151,0
DA:156,0
DA:158,0
DA:161,0
DA:163,0
DA:166,0
DA:168,0
DA:169,0
DA:171,0
DA:182,0
DA:184,0
DA:185,0
LF:43
LH:2
end_of_record
SF:lib/src/data/repository/staff_repository.dart
DA:18,0
DA:20,0
DA:24,0
DA:27,0
DA:28,0
DA:29,0
DA:30,0
DA:31,0
DA:32,0
DA:33,0
DA:34,0
DA:35,0
DA:36,0
DA:37,0
DA:38,0
DA:39,0
DA:40,0
DA:41,0
DA:47,0
DA:48,0
DA:50,0
DA:51,0
DA:52,0
DA:54,0
DA:55,0
DA:61,0
DA:62,0
DA:64,0
DA:65,0
DA:66,0
DA:67,0
DA:68,0
DA:74,0
DA:75,0
DA:77,0
DA:78,0
DA:79,0
DA:80,0
DA:81,0
DA:82,0
DA:88,0
DA:89,0
DA:91,0
DA:92,0
DA:93,0
DA:94,0
DA:95,0
DA:96,0
DA:102,0
DA:103,0
DA:105,0
DA:106,0
DA:107,0
DA:108,0
DA:114,0
DA:115,0
DA:117,0
DA:118,0
DA:119,0
DA:120,0
DA:121,0
DA:127,0
DA:128,0
DA:130,0
DA:131,0
DA:132,0
DA:134,0
DA:135,0
DA:142,0
DA:144,0
DA:145,0
DA:147,0
DA:148,0
DA:150,0
DA:151,0
DA:155,0
DA:156,0
DA:157,0
DA:158,0
DA:159,0
DA:162,0
DA:163,0
DA:164,0
DA:166,0
DA:167,0
DA:172,0
LF:86
LH:0
end_of_record
SF:lib/src/data/repository/stripe_repository.dart
DA:14,0
DA:16,0
DA:17,0
DA:18,0
DA:23,0
DA:27,0
DA:28,0
DA:32,0
DA:33,0
DA:35,0
DA:37,0
DA:38,0
DA:40,0
DA:42,0
DA:48,0
DA:49,0
DA:52,0
DA:53,0
DA:54,0
DA:55,0
DA:64,0
DA:68,0
DA:69,0
DA:72,0
DA:73,0
DA:75,0
DA:81,0
DA:82,0
DA:85,0
DA:86,0
DA:87,0
DA:88,0
DA:97,0
DA:98,0
DA:100,0
DA:103,0
DA:104,0
DA:106,0
DA:116,0
DA:117,0
DA:118,0
DA:121,0
DA:123,0
DA:124,0
DA:126,0
DA:131,0
DA:133,0
DA:134,0
DA:136,0
DA:145,0
DA:149,0
DA:151,0
DA:152,0
DA:153,0
DA:154,0
DA:155,0
DA:156,0
DA:158,0
DA:159,0
DA:160,0
DA:164,0
DA:166,0
DA:167,0
DA:172,0
DA:173,0
DA:175,0
DA:184,0
DA:185,0
DA:187,0
DA:189,0
DA:191,0
DA:194,0
DA:196,0
DA:197,0
DA:199,0
LF:75
LH:0
end_of_record
SF:lib/src/data/repository/stripe_repository.g.dart
DA:11,0
DA:15,0
LF:2
LH:0
end_of_record
SF:lib/src/data/repository/user_repository.g.dart
DA:11,0
DA:15,0
DA:26,0
DA:30,0
DA:32,0
DA:34,0
DA:36,0
DA:37,0
DA:40,0
DA:42,0
DA:44,0
DA:45,0
DA:56,2
DA:59,0
DA:62,0
DA:67,0
DA:71,0
DA:72,0
DA:78,0
DA:83,0
DA:87,0
DA:94,0
DA:96,0
DA:97,0
DA:113,0
DA:121,0
DA:125,0
DA:129,0
DA:131,0
DA:132,0
DA:133,0
DA:138,0
DA:143,0
DA:145,0
DA:148,0
DA:150,0
DA:153,0
DA:155,0
DA:156,0
DA:158,0
DA:169,0
DA:171,0
DA:172,0
DA:175,0
DA:180,0
DA:191,0
DA:200,2
DA:203,0
DA:206,0
DA:211,0
DA:215,0
DA:216,0
DA:222,0
DA:227,0
DA:231,0
DA:238,0
DA:240,0
DA:241,0
DA:257,0
DA:265,0
DA:269,0
DA:273,0
DA:275,0
DA:276,0
DA:277,0
DA:282,0
DA:287,0
DA:289,0
DA:292,0
DA:294,0
DA:297,0
DA:299,0
DA:300,0
DA:302,0
DA:314,0
DA:316,0
DA:317,0
DA:320,0
DA:329,2
DA:332,0
DA:335,0
DA:340,0
DA:344,0
DA:345,0
DA:351,0
DA:356,0
DA:360,0
DA:367,0
DA:369,0
DA:370,0
DA:386,0
DA:394,0
DA:398,0
DA:402,0
DA:404,0
DA:405,0
DA:406,0
DA:411,0
DA:416,0
DA:418,0
DA:421,0
DA:423,0
DA:426,0
DA:428,0
DA:429,0
DA:431,0
DA:443,0
DA:445,0
DA:446,0
LF:109
LH:3
end_of_record
SF:lib/src/data/repository/user_repository.dart
DA:19,0
DA:21,0
DA:25,0
DA:42,0
DA:43,0
DA:45,0
DA:46,0
DA:49,0
DA:51,0
DA:52,0
DA:54,0
DA:59,0
DA:60,0
DA:66,0
DA:67,0
DA:69,0
DA:70,0
DA:71,0
DA:73,0
DA:74,0
DA:76,0
DA:80,0
DA:81,0
DA:87,0
DA:88,0
DA:90,0
DA:91,0
DA:92,0
DA:93,0
DA:94,0
DA:100,0
DA:101,0
DA:103,0
DA:104,0
DA:105,0
DA:106,0
DA:107,0
DA:108,0
DA:114,0
DA:115,0
DA:117,0
DA:118,0
DA:119,0
DA:120,0
DA:126,0
DA:127,0
DA:129,0
DA:130,0
DA:131,0
DA:132,0
DA:133,0
DA:139,0
DA:140,0
DA:142,0
DA:143,0
DA:144,0
DA:145,0
DA:146,0
DA:152,0
DA:153,0
DA:155,0
DA:156,0
DA:157,0
DA:158,0
DA:159,0
DA:160,0
DA:161,0
DA:167,0
DA:168,0
DA:170,0
DA:171,0
DA:172,0
DA:173,0
DA:174,0
DA:175,0
DA:181,0
DA:183,0
DA:184,0
DA:191,0
DA:193,0
DA:195,0
DA:196,0
DA:197,0
DA:198,0
DA:204,0
DA:206,0
DA:210,0
DA:227,0
DA:228,0
DA:230,0
DA:231,0
DA:234,0
DA:236,0
DA:237,0
DA:239,0
DA:244,0
DA:245,0
DA:251,0
DA:252,0
DA:254,0
DA:255,0
DA:256,0
DA:258,0
DA:259,0
DA:261,0
DA:265,0
DA:266,0
DA:272,0
DA:273,0
DA:275,0
DA:276,0
DA:277,0
DA:278,0
DA:279,0
DA:281,0
DA:282,0
DA:283,0
DA:284,0
DA:285,0
DA:292,0
DA:294,0
DA:296,0
DA:297,0
DA:298,0
DA:303,0
DA:305,0
DA:307,0
DA:308,0
DA:309,0
LF:129
LH:0
end_of_record
SF:lib/src/data/repository/uuid_repository.dart
DA:12,0
DA:14,0
DA:18,0
DA:22,0
DA:23,0
DA:26,0
DA:29,0
DA:30,0
DA:31,0
DA:32,0
DA:35,0
DA:36,0
DA:40,0
DA:41,0
DA:44,0
DA:46,0
DA:47,0
DA:48,0
DA:49,0
DA:52,0
DA:53,0
DA:54,0
DA:59,0
DA:60,0
DA:62,0
DA:63,0
DA:64,0
DA:65,0
DA:67,0
DA:69,0
DA:70,0
DA:71,0
DA:76,0
DA:77,0
DA:79,0
DA:80,0
DA:81,0
DA:82,0
DA:84,0
DA:85,0
DA:87,0
DA:88,0
DA:89,0
DA:90,0
DA:93,0
DA:94,0
DA:95,0
LF:47
LH:0
end_of_record
SF:lib/src/data/repository/uuid_repository.g.dart
DA:11,0
DA:15,0
LF:2
LH:0
end_of_record
SF:lib/src/settings/hooks/use_l10n.dart
DA:4,9
DA:5,9
DA:6,9
DA:8,0
LF:4
LH:3
end_of_record
SF:lib/src/settings/hooks/use_snackbar.dart
DA:7,0
DA:8,0
DA:9,0
DA:14,0
DA:17,0
DA:19,0
DA:22,0
DA:23,0
LF:8
LH:0
end_of_record
SF:lib/src/settings/routes/routes.dart
DA:102,0
DA:105,9
DA:107,9
DA:109,9
DA:111,0
DA:113,0
DA:117,9
DA:125,0
DA:126,9
DA:130,0
DA:131,9
DA:135,0
DA:136,9
DA:140,0
DA:141,0
DA:145,0
DA:146,0
DA:147,0
DA:151,0
DA:152,9
DA:188,2
DA:190,0
DA:192,3
DA:198,3
DA:221,3
DA:226,0
DA:232,0
DA:237,0
DA:243,0
DA:250,2
DA:252,0
DA:254,0
DA:261,0
DA:273,0
DA:275,0
DA:276,0
DA:277,0
DA:278,0
DA:279,0
DA:280,0
DA:286,0
DA:290,0
DA:292,0
DA:294,0
DA:299,2
DA:301,0
DA:303,0
DA:314,2
DA:315,0
DA:316,0
DA:322,0
DA:328,2
DA:329,0
DA:331,0
DA:333,0
DA:334,0
DA:340,2
DA:341,0
DA:343,0
DA:345,0
DA:346,0
DA:352,0
DA:356,0
DA:358,0
DA:368,2
DA:370,0
DA:377,0
DA:380,0
DA:382,0
DA:387,0
DA:390,0
DA:392,0
DA:394,0
DA:399,0
DA:402,0
DA:404,0
DA:409,0
DA:412,0
DA:414,0
DA:416,0
DA:421,0
DA:425,0
DA:427,0
DA:428,0
DA:429,0
DA:431,0
DA:433,0
DA:434,0
DA:435,0
DA:436,0
DA:437,0
DA:440,0
DA:441,0
DA:443,0
DA:445,0
DA:446,0
DA:455,0
DA:458,0
DA:460,0
DA:462,0
DA:467,0
DA:470,0
DA:472,0
DA:474,0
DA:479,0
DA:482,0
DA:484,0
DA:486,0
DA:491,2
DA:493,0
DA:495,0
DA:509,2
DA:511,0
DA:513,0
DA:521,1
DA:524,0
DA:526,0
DA:531,2
DA:533,0
DA:535,0
DA:544,2
DA:546,0
DA:552,0
DA:555,0
DA:557,0
DA:574,0
DA:577,0
DA:579,0
DA:581,0
DA:586,0
DA:589,0
DA:591,0
DA:596,0
DA:605,0
DA:607,0
DA:608,0
DA:609,0
DA:610,0
DA:616,0
DA:619,0
DA:621,0
DA:626,0
DA:629,0
DA:631,0
DA:636,0
DA:641,0
DA:645,0
DA:647,0
DA:648,0
DA:654,0
DA:657,0
DA:659,0
DA:661,0
LF:153
LH:23
end_of_record
SF:lib/src/settings/routes/routes.g.dart
DA:11,6
DA:12,3
DA:13,3
DA:14,3
DA:15,3
DA:16,3
DA:17,3
DA:18,3
DA:19,3
DA:20,3
DA:21,3
DA:22,3
DA:23,3
DA:24,3
DA:25,3
DA:26,3
DA:27,3
DA:28,3
DA:29,3
DA:30,3
DA:31,3
DA:32,3
DA:33,3
DA:34,3
DA:35,3
DA:36,3
DA:39,6
DA:41,3
DA:42,3
DA:43,3
DA:44,3
DA:45,3
DA:48,3
DA:49,3
DA:57,3
DA:58,3
DA:59,3
DA:60,3
DA:66,3
DA:67,3
DA:68,3
DA:69,3
DA:75,3
DA:76,3
DA:77,3
DA:78,3
DA:88,3
DA:92,6
DA:94,0
DA:98,0
DA:100,0
DA:102,0
DA:103,0
DA:105,0
DA:109,0
DA:111,0
DA:115,0
DA:117,0
DA:119,0
DA:120,0
DA:122,0
DA:126,0
DA:128,0
DA:132,0
DA:134,0
DA:136,0
DA:137,0
DA:139,0
DA:143,0
DA:145,0
DA:149,0
DA:151,0
DA:153,0
DA:154,0
DA:156,0
DA:160,0
DA:162,0
DA:166,0
DA:168,0
DA:170,0
DA:171,0
DA:173,0
DA:176,6
DA:182,0
DA:185,0
DA:189,0
DA:191,0
DA:193,0
DA:194,0
DA:196,0
DA:199,6
DA:205,0
DA:206,0
DA:207,0
DA:208,0
DA:209,0
DA:212,0
DA:214,0
DA:215,0
DA:216,0
DA:217,0
DA:218,0
DA:219,0
DA:223,0
DA:225,0
DA:227,0
DA:228,0
DA:230,0
DA:233,6
DA:239,0
DA:240,0
DA:243,0
DA:245,0
DA:246,0
DA:250,0
DA:252,0
DA:254,0
DA:255,0
DA:257,0
DA:260,6
DA:266,0
DA:269,0
DA:273,0
DA:275,0
DA:277,0
DA:278,0
DA:280,0
DA:283,6
DA:289,0
DA:291,0
DA:295,0
DA:297,0
DA:299,0
DA:300,0
DA:302,0
DA:305,6
DA:311,0
DA:313,0
DA:317,0
DA:319,0
DA:321,0
DA:322,0
DA:324,0
DA:327,6
DA:333,0
DA:336,0
DA:340,0
DA:342,0
DA:344,0
DA:345,0
DA:347,0
DA:350,6
DA:356,0
DA:359,0
DA:363,0
DA:365,0
DA:367,0
DA:368,0
DA:370,0
DA:373,6
DA:379,0
DA:380,0
DA:383,0
DA:384,0
DA:387,0
DA:389,0
DA:391,0
DA:392,0
DA:394,0
DA:397,6
DA:400,3
DA:401,3
DA:409,0
DA:411,0
DA:415,0
DA:417,0
DA:419,0
DA:420,0
DA:422,0
DA:426,0
DA:427,0
DA:428,0
DA:431,0
DA:435,0
DA:437,0
DA:438,0
DA:440,0
DA:441,0
DA:443,0
DA:444,0
DA:447,6
DA:453,0
DA:454,0
DA:457,0
DA:461,0
DA:463,0
DA:464,0
DA:466,0
DA:467,0
DA:469,0
DA:470,0
DA:473,6
DA:479,0
DA:480,0
DA:483,0
DA:487,0
DA:489,0
DA:490,0
DA:492,0
DA:493,0
DA:495,0
DA:496,0
DA:499,6
DA:505,0
DA:506,0
DA:509,0
DA:513,0
DA:515,0
DA:516,0
DA:518,0
DA:519,0
DA:521,0
DA:522,0
DA:525,6
DA:531,0
DA:532,0
DA:533,0
DA:534,0
DA:537,0
DA:539,0
DA:540,0
DA:541,0
DA:545,0
DA:547,0
DA:549,0
DA:550,0
DA:552,0
DA:555,6
DA:561,0
DA:562,0
DA:565,0
DA:569,0
DA:571,0
DA:572,0
DA:574,0
DA:575,0
DA:577,0
DA:578,0
DA:581,6
DA:587,0
DA:588,0
DA:589,0
DA:592,0
DA:594,0
DA:595,0
DA:599,0
DA:601,0
DA:603,0
DA:604,0
DA:606,0
DA:609,6
DA:615,0
DA:616,0
DA:617,0
DA:620,0
DA:622,0
DA:623,0
DA:627,0
DA:629,0
DA:631,0
DA:632,0
DA:634,0
DA:637,6
DA:643,0
DA:646,0
DA:650,0
DA:652,0
DA:654,0
DA:655,0
DA:657,0
DA:660,6
DA:663,3
DA:664,3
DA:672,0
DA:675,0
DA:679,0
DA:681,0
DA:683,0
DA:684,0
DA:686,0
DA:690,0
DA:691,0
DA:692,0
DA:695,2
DA:699,0
DA:701,1
DA:702,3
DA:704,0
DA:705,0
DA:707,0
DA:708,0
DA:711,6
DA:717,0
DA:719,0
DA:723,0
DA:725,0
DA:727,0
DA:728,0
DA:730,0
DA:733,6
DA:736,3
DA:737,3
DA:745,0
DA:747,0
DA:751,0
DA:753,0
DA:755,0
DA:756,0
DA:758,0
DA:762,0
DA:763,0
DA:766,0
DA:768,0
DA:769,0
DA:773,0
DA:775,0
DA:777,0
DA:778,0
DA:780,0
DA:783,6
DA:786,3
DA:787,3
DA:790,3
DA:791,3
DA:797,3
DA:801,3
DA:809,0
DA:810,0
DA:813,0
DA:815,0
DA:816,0
DA:820,0
DA:822,0
DA:824,0
DA:825,0
DA:827,0
DA:831,0
DA:832,0
DA:835,0
DA:837,0
DA:838,0
DA:842,0
DA:844,0
DA:846,0
DA:847,0
DA:849,0
DA:853,0
DA:854,0
DA:855,0
DA:856,0
DA:857,0
DA:860,0
DA:862,0
DA:863,0
DA:864,0
DA:865,0
DA:869,0
DA:871,0
DA:873,0
DA:874,0
DA:876,0
DA:880,0
DA:881,0
DA:884,0
DA:886,0
DA:887,0
DA:891,0
DA:893,0
DA:895,0
DA:896,0
DA:898,0
DA:902,0
DA:903,0
DA:906,0
DA:908,0
DA:909,0
DA:913,0
DA:915,0
DA:917,0
DA:918,0
DA:920,0
DA:923,6
DA:929,0
DA:930,0
DA:933,0
DA:935,0
DA:936,0
DA:940,0
DA:942,0
DA:944,0
DA:945,0
DA:947,0
DA:950,6
DA:956,0
DA:957,0
DA:960,0
DA:962,0
DA:963,0
DA:967,0
DA:969,0
DA:971,0
DA:972,0
DA:974,0
LF:413
LH:87
end_of_record
SF:lib/src/ui/auth/sign_in.dart
DA:17,2
DA:19,0
DA:22,0
DA:24,0
DA:25,0
DA:26,0
DA:27,0
DA:28,0
DA:29,0
DA:31,0
DA:32,0
DA:33,0
DA:34,0
DA:36,0
DA:38,0
DA:39,0
DA:40,0
DA:41,0
DA:42,0
DA:43,0
DA:45,0
DA:50,0
DA:53,0
DA:54,0
DA:55,0
DA:57,0
DA:60,0
DA:62,0
DA:67,0
DA:69,0
DA:70,0
DA:72,0
DA:73,0
DA:74,0
DA:78,0
DA:80,0
DA:86,0
DA:87,0
DA:90,0
DA:91,0
DA:94,0
DA:95,0
DA:96,0
DA:98,0
DA:99,0
DA:102,0
DA:103,0
DA:106,0
DA:109,0
DA:113,0
DA:114,0
DA:115,0
DA:116,0
DA:118,0
DA:120,0
DA:121,0
DA:126,0
DA:131,0
DA:132,0
DA:134,0
DA:135,0
DA:136,0
DA:139,0
DA:143,0
DA:146,0
DA:148,0
DA:154,0
DA:156,0
DA:157,0
DA:158,0
DA:159,0
DA:160,0
DA:165,0
DA:166,0
DA:169,0
DA:170,0
DA:171,0
DA:177,0
DA:179,0
DA:183,0
DA:184,0
DA:188,0
DA:192,0
LF:83
LH:1
end_of_record
SF:lib/src/ui/auth/sign_up.dart
DA:17,2
DA:19,0
DA:22,0
DA:24,0
DA:25,0
DA:26,0
DA:27,0
DA:30,0
DA:31,0
DA:32,0
DA:33,0
DA:35,0
DA:37,0
DA:38,0
DA:39,0
DA:41,0
DA:45,0
DA:47,0
DA:48,0
DA:49,0
DA:52,0
DA:54,0
DA:59,0
DA:62,0
DA:64,0
DA:70,0
DA:71,0
DA:72,0
DA:76,0
DA:77,0
DA:78,0
DA:81,0
DA:82,0
DA:85,0
DA:87,0
DA:88,0
DA:97,0
LF:37
LH:1
end_of_record
SF:lib/src/ui/cart/cart_page.dart
DA:25,2
DA:27,0
DA:32,0
DA:37,0
DA:39,0
DA:42,0
DA:43,0
DA:44,0
DA:45,0
DA:46,0
DA:47,0
DA:48,0
DA:59,0
DA:61,0
DA:63,0
DA:64,0
DA:65,0
DA:66,0
DA:67,0
DA:68,0
DA:69,0
DA:73,0
DA:74,0
DA:77,0
DA:78,0
DA:79,0
DA:80,0
DA:82,0
DA:84,0
DA:85,0
DA:90,0
DA:98,0
DA:99,0
DA:100,0
DA:101,0
DA:104,0
DA:105,0
DA:109,0
DA:111,0
DA:113,0
DA:115,0
DA:120,0
DA:122,0
DA:124,0
DA:125,0
DA:128,0
DA:130,0
DA:131,0
DA:132,0
DA:133,0
DA:137,0
DA:144,0
DA:145,0
DA:146,0
DA:148,0
DA:151,0
DA:153,0
DA:163,0
DA:168,0
DA:175,0
DA:176,0
DA:177,0
DA:179,0
DA:180,0
DA:182,0
DA:184,0
DA:186,0
DA:190,0
DA:192,0
DA:194,0
DA:202,0
DA:210,0
DA:211,0
DA:212,0
DA:213,0
DA:216,0
DA:217,0
DA:218,0
DA:220,0
DA:221,0
DA:224,0
DA:225,0
DA:226,0
DA:228,0
DA:230,0
DA:232,0
DA:233,0
DA:236,0
DA:237,0
DA:238,0
DA:264,0
DA:267,0
DA:284,0
DA:286,0
DA:287,0
DA:289,0
DA:290,0
DA:292,0
DA:294,0
DA:296,0
DA:297,0
DA:298,0
DA:299,0
DA:300,0
DA:307,0
DA:308,0
DA:313,0
DA:316,0
DA:317,0
DA:318,0
DA:328,0
DA:330,0
DA:331,0
DA:334,0
DA:337,0
DA:338,0
DA:341,0
DA:343,0
DA:344,0
DA:351,0
DA:353,0
DA:354,0
DA:356,0
DA:357,0
DA:361,0
DA:363,0
DA:364,0
DA:375,0
DA:377,0
DA:378,0
DA:379,0
DA:380,0
DA:382,0
DA:385,0
DA:387,0
DA:389,0
DA:393,0
DA:394,0
DA:404,0
DA:411,0
DA:415,0
DA:431,0
DA:432,0
DA:448,0
DA:450,0
DA:451,0
DA:452,0
DA:456,0
DA:459,0
DA:460,0
DA:461,0
DA:464,0
DA:465,0
DA:466,0
DA:471,0
DA:472,0
DA:474,0
DA:484,0
DA:486,0
DA:488,0
DA:490,0
DA:496,0
DA:502,0
DA:505,0
DA:506,0
DA:514,0
DA:517,0
DA:518,0
DA:519,0
DA:523,0
DA:524,0
DA:532,0
DA:533,0
DA:534,0
DA:535,0
DA:537,0
LF:176
LH:1
end_of_record
SF:lib/src/ui/checkout/checkout_cancel.dart
DA:14,0
DA:19,0
DA:22,0
DA:25,0
DA:28,0
DA:29,0
DA:30,0
DA:31,0
DA:32,0
DA:37,0
DA:38,0
DA:40,0
DA:42,0
DA:46,0
DA:49,0
DA:52,0
DA:55,0
DA:57,0
DA:58,0
DA:60,0
DA:61,0
DA:62,0
DA:65,0
DA:66,0
DA:68,0
DA:72,0
DA:73,0
DA:74,0
DA:75,0
DA:82,0
DA:83,0
DA:89,0
DA:90,0
DA:91,0
DA:94,0
DA:95,0
DA:97,0
DA:100,0
DA:101,0
DA:102,0
DA:104,0
DA:105,0
DA:107,0
DA:108,0
DA:111,0
DA:114,0
DA:115,0
DA:116,0
DA:118,0
DA:119,0
DA:124,0
DA:126,0
DA:130,0
DA:131,0
DA:132,0
LF:55
LH:0
end_of_record
SF:lib/src/ui/checkout/checkout_success_page.dart
DA:12,0
DA:17,0
DA:20,0
DA:23,0
DA:25,0
DA:26,0
DA:28,0
DA:29,0
DA:31,0
DA:33,0
DA:34,0
DA:35,0
DA:39,0
DA:41,0
DA:43,0
DA:44,0
LF:16
LH:0
end_of_record
SF:lib/src/ui/home.dart
DA:17,3
DA:20,3
DA:22,9
DA:23,6
DA:24,9
DA:26,9
DA:28,3
DA:29,6
DA:31,3
DA:33,3
DA:34,3
DA:36,3
DA:37,3
DA:42,3
DA:43,3
DA:44,3
DA:45,3
DA:46,6
DA:60,0
DA:61,0
DA:62,0
DA:68,3
DA:69,3
DA:74,12
DA:77,3
DA:82,3
DA:84,3
DA:85,3
DA:86,3
DA:88,3
DA:90,3
DA:94,3
DA:95,3
DA:96,3
DA:97,6
DA:100,3
DA:101,3
DA:102,3
DA:103,6
DA:108,3
DA:110,3
DA:114,3
DA:120,0
DA:121,0
DA:122,0
DA:124,0
LF:46
LH:39
end_of_record
SF:lib/src/ui/management/earnings_detail_screen.dart
DA:15,0
DA:25,0
DA:28,0
DA:29,0
DA:30,0
DA:32,0
DA:34,0
DA:38,0
DA:42,0
DA:46,0
DA:47,0
DA:48,0
DA:49,0
DA:51,0
DA:56,0
DA:57,0
DA:60,0
DA:61,0
DA:64,0
DA:66,0
DA:70,0
DA:73,0
DA:74,0
DA:79,0
DA:87,0
DA:88,0
DA:89,0
DA:90,0
DA:91,0
DA:92,0
DA:97,0
DA:98,0
DA:104,0
DA:111,0
DA:112,0
DA:113,0
DA:115,0
DA:120,0
DA:121,0
DA:127,0
DA:132,0
DA:133,0
DA:139,0
DA:144,0
DA:145,0
DA:154,0
DA:155,0
DA:156,0
DA:158,0
DA:159,0
DA:160,0
DA:162,0
DA:166,0
DA:169,0
DA:170,0
DA:171,0
DA:176,0
DA:178,0
LF:58
LH:0
end_of_record
SF:lib/src/ui/management/earnings_screen.dart
DA:12,0
DA:15,0
DA:19,0
DA:20,0
DA:21,0
DA:24,0
DA:26,0
DA:27,0
DA:30,0
DA:31,0
DA:35,0
DA:37,0
DA:40,0
DA:41,0
DA:42,0
DA:44,0
DA:46,0
DA:47,0
DA:49,0
DA:51,0
DA:52,0
DA:54,0
DA:55,0
DA:56,0
DA:57,0
DA:58,0
DA:62,0
DA:63,0
DA:64,0
DA:70,0
DA:71,0
DA:72,0
DA:76,0
DA:77,0
DA:78,0
DA:79,0
DA:81,0
DA:82,0
DA:84,0
DA:85,0
DA:89,0
DA:91,0
DA:92,0
DA:94,0
DA:96,0
DA:97,0
DA:98,0
DA:100,0
DA:102,0
DA:108,0
DA:109,0
DA:111,0
DA:112,0
DA:113,0
DA:123,0
DA:124,0
DA:125,0
DA:127,0
DA:135,0
DA:137,0
DA:138,0
DA:139,0
DA:141,0
DA:143,0
DA:158,0
DA:159,0
DA:161,0
DA:162,0
DA:164,0
DA:167,0
DA:168,0
DA:169,0
DA:176,0
DA:179,0
DA:183,0
DA:185,0
DA:188,0
DA:192,0
DA:194,0
LF:79
LH:0
end_of_record
SF:lib/src/ui/management/management_page.dart
DA:11,0
DA:16,0
DA:21,0
DA:25,0
DA:28,0
DA:29,0
DA:30,0
DA:31,0
DA:33,0
DA:35,0
DA:36,0
DA:45,0
DA:46,0
DA:48,0
DA:49,0
DA:52,0
DA:53,0
DA:54,0
DA:55,0
DA:56,0
DA:57,0
DA:58,0
DA:59,0
DA:60,0
DA:61,0
DA:62,0
LF:26
LH:0
end_of_record
SF:lib/src/ui/management/sales_screen.dart
DA:15,0
DA:20,0
DA:25,0
DA:30,0
DA:31,0
DA:32,0
DA:34,0
DA:38,0
DA:45,0
DA:46,0
DA:47,0
DA:49,0
DA:52,0
DA:54,0
DA:55,0
DA:60,0
DA:61,0
DA:62,0
DA:67,0
DA:71,0
DA:72,0
DA:81,0
DA:83,0
DA:84,0
DA:85,0
DA:86,0
DA:89,0
DA:91,0
DA:93,0
DA:94,0
DA:100,0
DA:109,0
DA:110,0
DA:114,0
DA:115,0
DA:117,0
DA:119,0
DA:123,0
DA:124,0
DA:125,0
DA:127,0
DA:128,0
DA:130,0
DA:133,0
DA:134,0
DA:135,0
DA:142,0
DA:145,0
DA:149,0
DA:151,0
DA:154,0
DA:158,0
DA:160,0
DA:168,0
DA:171,0
DA:172,0
DA:173,0
DA:174,0
DA:175,0
DA:177,0
DA:178,0
DA:180,0
DA:182,0
DA:183,0
DA:185,0
DA:186,0
DA:187,0
DA:188,0
DA:189,0
DA:193,0
DA:194,0
DA:195,0
DA:201,0
DA:203,0
DA:205,0
DA:207,0
DA:208,0
DA:210,0
DA:212,0
DA:213,0
DA:214,0
DA:216,0
DA:218,0
DA:224,0
DA:225,0
DA:227,0
DA:228,0
DA:229,0
DA:239,0
DA:240,0
DA:241,0
DA:243,0
DA:251,0
DA:256,0
DA:257,0
DA:258,0
DA:259,0
DA:260,0
DA:265,0
DA:266,0
DA:267,0
DA:270,0
DA:278,0
DA:280,0
DA:281,0
DA:282,0
DA:284,0
DA:285,0
DA:287,0
DA:288,0
DA:290,0
DA:291,0
DA:293,0
DA:295,0
DA:300,0
DA:301,0
DA:302,0
DA:314,0
DA:315,0
DA:317,0
DA:318,0
DA:320,0
DA:322,0
DA:327,0
DA:328,0
DA:354,0
DA:355,0
DA:356,0
DA:357,0
DA:358,0
DA:359,0
DA:360,0
DA:362,0
DA:369,0
LF:134
LH:0
end_of_record
SF:lib/src/ui/management/stock_screen.dart
DA:12,0
DA:17,0
DA:22,0
DA:27,0
DA:28,0
DA:29,0
DA:32,0
DA:34,0
DA:35,0
DA:38,0
DA:39,0
DA:43,0
DA:44,0
DA:45,0
DA:47,0
DA:48,0
DA:50,0
DA:53,0
DA:54,0
DA:55,0
DA:62,0
DA:65,0
DA:69,0
DA:71,0
DA:74,0
DA:78,0
DA:80,0
DA:88,0
DA:91,0
DA:92,0
DA:93,0
DA:94,0
DA:95,0
DA:97,0
DA:98,0
DA:100,0
DA:102,0
DA:103,0
DA:105,0
DA:106,0
DA:107,0
DA:108,0
DA:109,0
DA:113,0
DA:114,0
DA:115,0
DA:121,0
DA:123,0
DA:125,0
DA:127,0
DA:128,0
DA:130,0
DA:132,0
DA:133,0
DA:134,0
DA:136,0
DA:138,0
DA:144,0
DA:145,0
DA:147,0
DA:148,0
DA:149,0
DA:159,0
DA:160,0
DA:161,0
DA:163,0
DA:171,0
DA:176,0
DA:177,0
DA:178,0
DA:179,0
DA:180,0
DA:183,0
DA:184,0
DA:185,0
DA:188,0
DA:196,0
DA:198,0
DA:199,0
DA:200,0
DA:202,0
DA:203,0
DA:205,0
DA:206,0
DA:208,0
DA:209,0
DA:211,0
DA:213,0
DA:218,0
DA:219,0
DA:230,0
DA:231,0
DA:233,0
DA:234,0
DA:236,0
DA:238,0
DA:243,0
DA:244,0
DA:270,0
DA:271,0
DA:272,0
DA:273,0
DA:274,0
DA:275,0
DA:276,0
DA:278,0
DA:285,0
LF:107
LH:0
end_of_record
SF:lib/src/ui/my_program/my_program_page.dart
DA:16,2
DA:18,0
DA:28,0
DA:30,0
DA:33,0
DA:35,0
DA:37,0
DA:39,0
DA:42,0
DA:44,0
DA:47,0
DA:49,0
DA:55,0
DA:57,0
DA:59,0
DA:61,0
DA:67,0
DA:70,0
DA:73,0
DA:77,0
DA:79,0
DA:80,0
DA:81,0
DA:82,0
DA:85,0
DA:86,0
DA:87,0
DA:94,0
DA:95,0
DA:96,0
DA:99,0
DA:100,0
DA:101,0
DA:105,0
LF:34
LH:1
end_of_record
SF:lib/src/ui/order/order_page.dart
DA:15,2
DA:17,0
DA:19,0
DA:20,0
DA:22,0
DA:23,0
DA:24,0
DA:25,0
DA:26,0
DA:35,0
DA:37,0
DA:39,0
DA:40,0
DA:45,0
DA:46,0
DA:47,0
DA:50,0
DA:51,0
DA:53,0
DA:55,0
DA:56,0
DA:58,0
DA:60,0
DA:61,0
DA:62,0
DA:63,0
DA:64,0
DA:66,0
DA:70,0
DA:71,0
DA:73,0
DA:74,0
DA:76,0
DA:79,0
DA:80,0
DA:81,0
DA:88,0
DA:91,0
DA:95,0
DA:96,0
DA:97,0
DA:100,0
DA:104,0
DA:106,0
DA:119,0
DA:122,0
DA:124,0
DA:128,0
DA:129,0
DA:130,0
DA:131,0
DA:135,0
DA:136,0
DA:140,0
DA:141,0
DA:142,0
DA:144,0
DA:145,0
DA:146,0
DA:148,0
DA:150,0
DA:151,0
DA:152,0
DA:153,0
DA:158,0
DA:159,0
DA:160,0
DA:162,0
DA:163,0
DA:165,0
DA:166,0
DA:177,0
DA:178,0
DA:179,0
DA:181,0
DA:183,0
DA:184,0
DA:186,0
DA:187,0
DA:188,0
DA:189,0
DA:190,0
DA:194,0
DA:195,0
DA:196,0
DA:202,0
DA:204,0
DA:206,0
DA:208,0
DA:209,0
DA:210,0
DA:212,0
DA:213,0
DA:214,0
DA:216,0
DA:218,0
DA:223,0
DA:224,0
DA:226,0
DA:227,0
DA:228,0
DA:236,0
DA:237,0
DA:238,0
DA:240,0
DA:247,0
DA:252,0
DA:253,0
DA:254,0
DA:255,0
DA:257,0
DA:258,0
DA:259,0
DA:262,0
DA:270,0
DA:271,0
DA:272,0
DA:274,0
DA:275,0
DA:276,0
DA:278,0
DA:280,0
DA:281,0
DA:282,0
DA:283,0
DA:286,0
DA:289,0
DA:291,0
DA:294,0
DA:300,0
DA:303,0
DA:305,0
DA:307,0
DA:309,0
DA:310,0
DA:312,0
DA:314,0
DA:315,0
DA:316,0
DA:319,0
DA:320,0
DA:321,0
DA:324,0
DA:325,0
DA:326,0
DA:330,0
DA:332,0
DA:337,0
DA:338,0
DA:341,0
DA:342,0
DA:343,0
DA:352,0
DA:353,0
DA:354,0
DA:356,0
DA:363,0
DA:364,0
DA:365,0
DA:366,0
LF:160
LH:1
end_of_record
SF:lib/src/ui/product/product_details_page.dart
DA:15,0
DA:23,0
DA:26,0
DA:33,0
DA:36,0
DA:37,0
DA:38,0
DA:39,0
DA:40,0
DA:43,0
DA:44,0
DA:45,0
DA:46,0
DA:47,0
DA:48,0
DA:49,0
DA:51,0
DA:52,0
DA:53,0
DA:54,0
DA:56,0
DA:59,0
DA:61,0
DA:62,0
DA:63,0
DA:65,0
DA:66,0
DA:68,0
DA:105,0
DA:110,0
DA:112,0
DA:116,0
DA:122,0
DA:124,0
DA:128,0
DA:129,0
DA:130,0
DA:131,0
DA:132,0
DA:136,0
DA:138,0
DA:146,0
DA:147,0
DA:148,0
DA:152,0
DA:154,0
DA:163,0
DA:164,0
DA:165,0
DA:169,0
DA:170,0
DA:175,0
DA:188,0
DA:189,0
DA:194,0
DA:257,0
DA:259,0
DA:260,0
DA:262,0
DA:263,0
DA:264,0
DA:265,0
DA:267,0
DA:271,0
DA:272,0
DA:273,0
DA:274,0
DA:275,0
DA:281,0
DA:283,0
DA:284,0
DA:285,0
DA:286,0
DA:287,0
DA:291,0
DA:292,0
LF:76
LH:0
end_of_record
SF:lib/src/ui/product/product_edit_page.dart
DA:25,0
DA:33,0
DA:36,0
DA:37,0
DA:42,0
DA:43,0
DA:45,0
DA:53,0
DA:54,0
DA:58,0
DA:59,0
DA:60,0
DA:61,0
DA:62,0
DA:63,0
DA:65,0
DA:66,0
DA:69,0
DA:70,0
DA:72,0
DA:73,0
DA:75,0
DA:76,0
DA:78,0
DA:79,0
DA:82,0
DA:83,0
DA:86,0
DA:87,0
DA:89,0
DA:91,0
DA:93,0
DA:95,0
DA:96,0
DA:97,0
DA:99,0
DA:101,0
DA:103,0
DA:105,0
DA:106,0
DA:108,0
DA:113,0
DA:114,0
DA:115,0
DA:116,0
DA:119,0
DA:120,0
DA:121,0
DA:124,0
DA:127,0
DA:128,0
DA:129,0
DA:141,0
DA:142,0
DA:143,0
DA:144,0
DA:145,0
DA:148,0
DA:154,0
DA:158,0
DA:159,0
DA:160,0
DA:161,0
DA:165,0
DA:166,0
DA:173,0
DA:178,0
DA:180,0
DA:182,0
DA:183,0
DA:184,0
DA:188,0
DA:189,0
DA:196,0
DA:197,0
DA:198,0
DA:199,0
DA:201,0
DA:202,0
DA:206,0
DA:207,0
DA:208,0
DA:209,0
DA:211,0
DA:216,0
DA:217,0
DA:229,0
DA:230,0
DA:231,0
DA:232,0
DA:235,0
DA:236,0
DA:237,0
DA:241,0
DA:242,0
DA:245,0
DA:251,0
DA:253,0
DA:254,0
DA:259,0
DA:261,0
DA:262,0
DA:267,0
DA:268,0
DA:270,0
DA:271,0
DA:272,0
DA:274,0
DA:275,0
DA:281,0
DA:282,0
DA:283,0
DA:294,0
DA:295,0
DA:296,0
DA:300,0
DA:301,0
DA:313,0
DA:314,0
DA:326,0
DA:328,0
DA:331,0
DA:332,0
DA:333,0
DA:335,0
DA:337,0
DA:338,0
DA:339,0
DA:348,0
DA:350,0
DA:351,0
DA:352,0
DA:353,0
DA:356,0
DA:357,0
DA:358,0
DA:359,0
DA:360,0
DA:361,0
DA:362,0
DA:364,0
DA:365,0
DA:366,0
DA:367,0
DA:369,0
DA:370,0
DA:372,0
DA:373,0
DA:378,0
DA:381,0
DA:382,0
DA:384,0
DA:385,0
DA:386,0
DA:390,0
DA:391,0
DA:392,0
DA:398,0
LF:158
LH:0
end_of_record
SF:lib/src/ui/product/product_list.dart
DA:12,1
DA:15,1
DA:18,2
DA:24,5
DA:27,2
DA:28,2
DA:29,5
DA:30,5
DA:32,2
DA:34,1
DA:36,1
DA:38,1
DA:44,1
DA:45,1
DA:46,1
DA:47,1
DA:49,1
LF:17
LH:17
end_of_record
SF:lib/src/ui/product/product_page.dart
DA:10,0
DA:13,0
DA:16,0
DA:18,0
DA:19,0
DA:21,0
DA:23,0
DA:24,0
DA:25,0
DA:27,0
DA:28,0
DA:29,0
DA:35,0
DA:36,0
DA:37,0
DA:38,0
DA:39,0
DA:40,0
DA:41,0
DA:42,0
DA:43,0
DA:44,0
DA:45,0
DA:46,0
DA:47,0
DA:48,0
LF:26
LH:0
end_of_record
SF:lib/src/ui/program/program_details_page.dart
DA:16,0
DA:19,0
DA:69,0
DA:70,0
DA:71,0
DA:72,0
DA:73,0
DA:74,0
DA:75,0
DA:76,0
DA:77,0
DA:78,0
DA:81,0
DA:82,0
DA:84,0
DA:85,0
DA:89,0
DA:90,0
DA:91,0
DA:94,0
DA:95,0
DA:96,0
DA:97,0
DA:98,0
DA:99,0
DA:143,0
DA:144,0
DA:145,0
DA:152,0
DA:160,0
DA:161,0
DA:162,0
DA:163,0
DA:165,0
DA:166,0
DA:169,0
DA:173,0
DA:182,0
DA:183,0
DA:185,0
DA:186,0
DA:188,0
DA:202,0
DA:206,0
DA:207,0
DA:209,0
DA:210,0
DA:212,0
DA:218,0
DA:219,0
DA:220,0
DA:224,0
DA:226,0
LF:53
LH:0
end_of_record
SF:lib/src/ui/program/program_edit_page.dart
DA:24,0
DA:27,0
DA:29,0
DA:31,0
DA:36,0
DA:37,0
DA:39,0
DA:41,0
DA:42,0
DA:43,0
DA:44,0
DA:45,0
DA:46,0
DA:50,0
DA:51,0
DA:52,0
DA:53,0
DA:54,0
DA:56,0
DA:57,0
DA:59,0
DA:60,0
DA:62,0
DA:63,0
DA:65,0
DA:66,0
DA:68,0
DA:69,0
DA:72,0
DA:73,0
DA:74,0
DA:75,0
DA:79,0
DA:81,0
DA:82,0
DA:84,0
DA:86,0
DA:88,0
DA:89,0
DA:91,0
DA:93,0
DA:95,0
DA:97,0
DA:98,0
DA:100,0
DA:102,0
DA:107,0
DA:108,0
DA:109,0
DA:110,0
DA:112,0
DA:125,0
DA:126,0
DA:128,0
DA:129,0
DA:131,0
DA:142,0
DA:143,0
DA:145,0
DA:148,0
DA:149,0
DA:152,0
DA:153,0
DA:154,0
DA:158,0
DA:159,0
DA:163,0
DA:165,0
DA:173,0
DA:174,0
DA:176,0
DA:181,0
DA:182,0
DA:186,0
DA:187,0
DA:188,0
DA:192,0
DA:193,0
DA:197,0
DA:199,0
DA:207,0
DA:208,0
DA:210,0
DA:212,0
DA:221,0
DA:222,0
DA:223,0
DA:224,0
DA:231,0
DA:232,0
DA:233,0
DA:237,0
DA:238,0
DA:239,0
DA:244,0
DA:245,0
DA:252,0
DA:253,0
DA:254,0
DA:256,0
DA:257,0
DA:258,0
DA:260,0
DA:264,0
DA:265,0
DA:266,0
DA:273,0
DA:275,0
DA:276,0
DA:278,0
DA:280,0
DA:281,0
DA:282,0
DA:284,0
DA:285,0
DA:288,0
DA:289,0
DA:290,0
DA:291,0
DA:293,0
DA:296,0
DA:297,0
DA:298,0
DA:299,0
DA:302,0
DA:320,0
DA:321,0
DA:323,0
DA:325,0
DA:334,0
DA:335,0
DA:336,0
DA:337,0
DA:344,0
DA:345,0
DA:346,0
DA:350,0
DA:351,0
DA:352,0
DA:357,0
DA:358,0
DA:365,0
DA:366,0
DA:367,0
DA:369,0
DA:370,0
DA:371,0
DA:373,0
DA:377,0
DA:378,0
DA:379,0
DA:386,0
DA:388,0
DA:389,0
DA:391,0
DA:393,0
DA:394,0
DA:395,0
DA:397,0
DA:398,0
DA:401,0
DA:402,0
DA:403,0
DA:404,0
DA:406,0
DA:409,0
DA:410,0
DA:411,0
DA:412,0
DA:415,0
DA:433,0
DA:434,0
DA:436,0
DA:439,0
DA:440,0
DA:443,0
DA:444,0
DA:445,0
DA:449,0
DA:450,0
DA:460,0
DA:461,0
DA:463,0
DA:464,0
DA:465,0
DA:466,0
DA:472,0
DA:473,0
DA:477,0
DA:480,0
DA:481,0
DA:490,0
DA:491,0
DA:494,0
DA:495,0
DA:496,0
DA:498,0
DA:499,0
DA:502,0
DA:503,0
DA:504,0
DA:505,0
DA:508,0
DA:511,0
DA:512,0
DA:513,0
DA:514,0
DA:516,0
DA:517,0
DA:519,0
DA:520,0
DA:522,0
DA:523,0
DA:525,0
DA:526,0
DA:527,0
DA:530,0
DA:533,0
DA:535,0
DA:536,0
DA:538,0
DA:539,0
DA:540,0
DA:541,0
DA:543,0
DA:545,0
DA:546,0
DA:550,0
LF:228
LH:0
end_of_record
SF:lib/src/ui/program/program_page.dart
DA:14,2
DA:16,0
DA:22,0
DA:28,0
DA:30,0
DA:31,0
DA:33,0
DA:34,0
DA:36,0
DA:37,0
DA:41,0
DA:42,0
DA:43,0
DA:44,0
DA:47,0
DA:49,0
DA:51,0
LF:17
LH:1
end_of_record
SF:lib/src/ui/secret_event/secret_event_page.dart
DA:8,0
DA:12,0
DA:13,0
DA:21,0
DA:23,0
DA:24,0
DA:27,0
DA:29,0
DA:30,0
DA:31,0
DA:33,0
DA:34,0
DA:35,0
DA:36,0
DA:38,0
DA:43,0
DA:44,0
DA:45,0
DA:46,0
DA:52,0
DA:54,0
DA:58,0
DA:59,0
DA:60,0
DA:61,0
DA:62,0
DA:64,0
DA:67,0
DA:68,0
DA:69,0
DA:73,0
DA:74,0
DA:83,0
DA:88,0
DA:89,0
DA:90,0
DA:92,0
DA:94,0
DA:95,0
DA:96,0
DA:98,0
DA:100,0
DA:101,0
DA:102,0
DA:103,0
DA:104,0
DA:107,0
DA:108,0
DA:109,0
DA:110,0
DA:114,0
DA:115,0
DA:116,0
DA:117,0
DA:120,0
DA:121,0
DA:122,0
DA:128,0
DA:129,0
DA:130,0
DA:133,0
DA:134,0
DA:135,0
DA:136,0
LF:64
LH:0
end_of_record
SF:lib/src/ui/sns/chat/sns_chat_page.dart
DA:10,0
DA:23,0
DA:25,0
DA:26,0
DA:27,0
DA:29,0
DA:30,0
DA:31,0
DA:34,0
DA:35,0
DA:36,0
DA:37,0
DA:38,0
DA:39,0
DA:40,0
DA:49,0
DA:51,0
DA:52,0
DA:53,0
DA:54,0
DA:55,0
DA:58,0
DA:59,0
DA:62,0
DA:63,0
DA:64,0
DA:65,0
DA:72,0
DA:76,0
DA:77,0
DA:78,0
DA:79,0
DA:81,0
DA:82,0
DA:93,0
DA:96,0
DA:97,0
DA:98,0
DA:99,0
DA:101,0
DA:105,0
DA:109,0
DA:111,0
DA:112,0
DA:114,0
DA:123,0
DA:124,0
DA:132,0
DA:143,0
DA:149,0
DA:151,0
DA:152,0
DA:153,0
DA:154,0
DA:157,0
DA:158,0
DA:159,0
DA:165,0
DA:166,0
DA:172,0
DA:174,0
DA:175,0
DA:176,0
DA:178,0
DA:179,0
DA:180,0
DA:182,0
DA:183,0
DA:184,0
DA:185,0
DA:196,0
DA:198,0
DA:206,0
DA:211,0
DA:212,0
DA:215,0
DA:218,0
DA:221,0
DA:222,0
DA:223,0
LF:80
LH:0
end_of_record
SF:lib/src/ui/sns/feed/sns_feed_page.dart
DA:13,2
DA:15,0
DA:17,0
DA:18,0
DA:19,0
DA:22,0
DA:23,0
DA:24,0
DA:25,0
DA:26,0
DA:30,0
DA:31,0
DA:32,0
DA:35,0
DA:36,0
DA:37,0
DA:40,0
DA:42,0
DA:43,0
DA:45,0
DA:46,0
DA:48,0
DA:50,0
DA:52,0
DA:54,0
DA:56,0
DA:60,0
DA:62,0
DA:63,0
DA:65,0
DA:72,0
DA:75,0
DA:76,0
DA:77,0
DA:86,0
DA:87,0
DA:89,0
DA:90,0
DA:91,0
DA:96,0
DA:98,0
DA:99,0
DA:101,0
DA:106,0
DA:107,0
DA:114,0
DA:115,0
DA:121,0
DA:122,0
DA:124,0
DA:128,0
DA:130,0
DA:132,0
DA:135,0
DA:136,0
DA:139,0
DA:141,0
DA:143,0
DA:144,0
DA:147,0
DA:148,0
DA:152,0
DA:155,0
DA:156,0
LF:64
LH:1
end_of_record
SF:lib/src/ui/sns/messages/sns_messages_page.dart
DA:12,2
DA:14,0
DA:16,0
DA:17,0
DA:18,0
DA:21,0
DA:22,0
DA:23,0
DA:24,0
DA:29,0
DA:30,0
DA:31,0
DA:33,0
DA:34,0
DA:36,0
DA:44,0
DA:46,0
DA:47,0
DA:49,0
DA:56,0
DA:58,0
DA:59,0
DA:60,0
DA:61,0
DA:63,0
DA:68,0
DA:70,0
DA:71,0
DA:73,0
DA:78,0
DA:79,0
DA:89,0
DA:95,0
DA:96,0
DA:98,0
DA:99,0
DA:102,0
DA:103,0
DA:107,0
DA:108,0
DA:112,0
LF:41
LH:1
end_of_record
SF:lib/src/ui/sns/profile/profile_page.dart
DA:13,0
DA:17,0
DA:19,0
DA:20,0
DA:21,0
DA:24,0
DA:25,0
DA:26,0
DA:27,0
DA:28,0
DA:32,0
DA:33,0
DA:34,0
DA:36,0
DA:37,0
DA:39,0
DA:40,0
DA:41,0
DA:43,0
DA:44,0
DA:47,0
DA:48,0
DA:49,0
DA:50,0
DA:51,0
DA:53,0
DA:56,0
DA:59,0
DA:67,0
DA:68,0
DA:70,0
DA:71,0
DA:74,0
DA:75,0
DA:76,0
DA:77,0
DA:83,0
DA:84,0
DA:93,0
DA:94,0
DA:95,0
DA:96,0
DA:97,0
DA:107,0
DA:108,0
DA:110,0
DA:111,0
DA:112,0
DA:116,0
DA:117,0
DA:123,0
DA:125,0
DA:126,0
DA:128,0
DA:133,0
DA:134,0
DA:144,0
DA:150,0
DA:152,0
DA:153,0
DA:154,0
DA:155,0
DA:163,0
DA:168,0
DA:170,0
DA:173,0
DA:174,0
DA:175,0
DA:177,0
DA:182,0
DA:183,0
DA:184,0
DA:189,0
DA:190,0
DA:191,0
DA:192,0
DA:203,0
DA:205,0
DA:207,0
DA:210,0
DA:212,0
DA:214,0
DA:217,0
DA:219,0
DA:221,0
LF:85
LH:0
end_of_record
SF:lib/src/ui/sns/search/search_page.dart
DA:13,2
DA:15,0
DA:17,0
DA:18,0
DA:19,0
DA:20,0
DA:21,0
DA:24,0
DA:25,0
DA:26,0
DA:27,0
DA:28,0
DA:32,0
DA:33,0
DA:34,0
DA:36,0
DA:37,0
DA:39,0
DA:41,0
DA:43,0
DA:46,0
DA:47,0
DA:52,0
DA:61,0
DA:68,0
DA:78,0
DA:79,0
DA:80,0
DA:85,0
DA:86,0
DA:87,0
DA:97,0
DA:99,0
DA:100,0
DA:102,0
DA:103,0
DA:104,0
DA:105,0
DA:111,0
DA:125,0
DA:131,0
DA:140,0
DA:142,0
DA:143,0
DA:144,0
DA:153,0
DA:154,0
DA:156,0
DA:162,0
DA:168,0
DA:177,0
DA:179,0
DA:180,0
DA:181,0
DA:190,0
DA:191,0
DA:193,0
DA:194,0
DA:195,0
DA:201,0
DA:202,0
DA:205,0
DA:207,0
DA:209,0
DA:212,0
DA:214,0
DA:216,0
DA:219,0
DA:221,0
DA:223,0
LF:70
LH:1
end_of_record
SF:lib/src/ui/terms/terms_page.dart
DA:14,0
DA:17,0
DA:19,0
DA:21,0
DA:23,0
DA:25,0
DA:27,0
DA:29,0
DA:30,0
DA:33,0
DA:34,0
DA:35,0
DA:41,0
DA:42,0
DA:43,0
DA:49,0
DA:50,0
DA:51,0
DA:54,0
DA:55,0
DA:56,0
DA:57,0
DA:58,0
DA:59,0
DA:61,0
DA:63,0
DA:65,0
DA:66,0
DA:68,0
DA:69,0
DA:71,0
DA:72,0
DA:74,0
DA:75,0
DA:77,0
DA:78,0
DA:80,0
DA:81,0
DA:83,0
DA:84,0
DA:85,0
DA:86,0
DA:87,0
DA:88,0
DA:89,0
DA:91,0
DA:92,0
DA:94,0
DA:95,0
DA:97,0
DA:98,0
DA:100,0
DA:101,0
DA:114,0
DA:115,0
DA:119,0
DA:120,0
DA:124,0
DA:125,0
DA:129,0
DA:130,0
DA:132,0
DA:140,0
DA:141,0
DA:143,0
LF:65
LH:0
end_of_record
SF:lib/src/ui/ticket/qr_code_display_page.dart
DA:10,0
DA:13,0
DA:15,0
DA:16,0
DA:17,0
DA:19,0
DA:21,0
DA:22,0
DA:23,0
DA:25,0
DA:28,0
DA:30,0
DA:31,0
DA:35,0
DA:36,0
DA:41,0
DA:43,0
DA:44,0
DA:45,0
DA:47,0
DA:48,0
DA:49,0
DA:51,0
DA:52,0
DA:59,0
DA:60,0
DA:61,0
DA:62,0
DA:63,0
DA:64,0
DA:65,0
DA:66,0
DA:68,0
LF:33
LH:0
end_of_record
SF:lib/src/ui/ticket/qr_code_scanner_page.dart
DA:20,0
DA:23,0
DA:25,0
DA:26,0
DA:27,0
DA:29,0
DA:30,0
DA:32,0
DA:34,0
DA:36,0
DA:38,0
DA:40,0
DA:43,0
DA:45,0
DA:47,0
DA:52,0
DA:53,0
DA:55,0
DA:56,0
DA:60,0
DA:61,0
DA:62,0
DA:68,0
DA:70,0
DA:71,0
DA:72,0
DA:73,0
DA:78,0
DA:79,0
DA:81,0
DA:86,0
DA:87,0
DA:88,0
DA:90,0
DA:91,0
DA:95,0
DA:96,0
DA:98,0
DA:99,0
DA:100,0
DA:102,0
DA:107,0
DA:108,0
DA:109,0
DA:110,0
DA:111,0
DA:113,0
DA:114,0
DA:115,0
DA:116,0
DA:118,0
DA:120,0
DA:121,0
DA:126,0
DA:128,0
DA:130,0
DA:131,0
DA:132,0
DA:133,0
DA:134,0
DA:136,0
DA:138,0
DA:139,0
DA:141,0
DA:142,0
DA:143,0
DA:152,0
DA:154,0
DA:155,0
DA:156,0
DA:158,0
DA:160,0
DA:161,0
DA:162,0
DA:163,0
DA:164,0
DA:168,0
DA:170,0
DA:171,0
DA:174,0
DA:176,0
DA:183,0
DA:185,0
DA:187,0
DA:189,0
DA:190,0
DA:192,0
DA:193,0
DA:194,0
DA:195,0
DA:196,0
DA:198,0
DA:199,0
DA:204,0
DA:206,0
DA:208,0
DA:209,0
DA:211,0
DA:212,0
DA:213,0
DA:214,0
DA:215,0
DA:217,0
DA:219,0
DA:221,0
DA:223,0
DA:231,0
DA:233,0
DA:234,0
DA:235,0
DA:237,0
DA:238,0
DA:242,0
DA:245,0
DA:246,0
DA:247,0
DA:249,0
DA:251,0
DA:253,0
DA:257,0
DA:258,0
DA:259,0
DA:261,0
DA:262,0
DA:263,0
DA:264,0
DA:265,0
DA:271,0
DA:272,0
DA:273,0
DA:275,0
DA:276,0
DA:278,0
DA:280,0
DA:281,0
DA:282,0
DA:284,0
DA:285,0
DA:288,0
DA:289,0
DA:290,0
DA:291,0
DA:293,0
DA:294,0
DA:295,0
DA:303,0
DA:305,0
DA:306,0
DA:308,0
DA:311,0
DA:313,0
DA:314,0
DA:315,0
DA:317,0
DA:319,0
DA:323,0
DA:324,0
DA:325,0
DA:331,0
DA:332,0
DA:335,0
DA:336,0
DA:337,0
DA:338,0
DA:339,0
DA:340,0
DA:341,0
DA:342,0
DA:351,0
DA:352,0
DA:353,0
DA:354,0
DA:355,0
DA:356,0
DA:357,0
DA:358,0
DA:359,0
DA:362,0
DA:363,0
DA:364,0
DA:372,0
DA:373,0
DA:374,0
DA:375,0
DA:381,0
DA:383,0
DA:385,0
DA:389,0
DA:392,0
DA:393,0
DA:395,0
DA:399,0
DA:400,0
DA:401,0
DA:402,0
DA:403,0
DA:405,0
DA:407,0
DA:409,0
DA:412,0
DA:413,0
DA:420,0
DA:421,0
DA:427,0
DA:429,0
DA:430,0
DA:431,0
DA:433,0
DA:437,0
DA:438,0
DA:439,0
DA:441,0
DA:443,0
DA:446,0
DA:447,0
DA:473,0
DA:474,0
DA:476,0
DA:478,0
DA:479,0
DA:480,0
DA:483,0
DA:488,0
DA:490,0
DA:494,0
DA:495,0
DA:496,0
DA:497,0
DA:498,0
DA:499,0
DA:500,0
DA:502,0
DA:509,0
DA:511,0
DA:515,0
DA:516,0
DA:517,0
DA:518,0
DA:519,0
DA:520,0
DA:521,0
DA:523,0
DA:524,0
DA:525,0
DA:531,0
DA:533,0
DA:534,0
DA:535,0
DA:536,0
DA:539,0
DA:541,0
DA:542,0
DA:543,0
DA:544,0
DA:546,0
DA:547,0
DA:548,0
DA:552,0
DA:553,0
DA:555,0
DA:557,0
DA:558,0
DA:559,0
DA:563,0
DA:564,0
DA:568,0
DA:570,0
DA:576,0
DA:577,0
DA:579,0
DA:582,0
DA:583,0
DA:594,0
DA:603,0
DA:605,0
DA:606,0
DA:608,0
DA:609,0
DA:610,0
DA:611,0
DA:613,0
DA:614,0
DA:615,0
DA:620,0
DA:621,0
DA:628,0
DA:636,0
DA:638,0
DA:640,0
DA:641,0
DA:643,0
DA:646,0
DA:647,0
DA:648,0
DA:649,0
DA:656,0
DA:659,0
DA:660,0
DA:662,0
DA:665,0
DA:669,0
DA:673,0
DA:677,0
DA:681,0
DA:692,0
DA:693,0
DA:694,0
DA:697,0
DA:699,0
DA:700,0
DA:701,0
DA:702,0
DA:703,0
DA:704,0
DA:714,0
DA:722,0
DA:727,0
DA:731,0
DA:732,0
DA:735,0
DA:736,0
DA:737,0
DA:738,0
DA:746,2
DA:748,0
DA:750,0
DA:753,0
DA:756,0
DA:757,0
DA:758,0
DA:760,0
DA:762,0
DA:763,0
DA:766,0
DA:767,0
LF:335
LH:1
end_of_record
SF:lib/src/ui/ticket/ticket_list_page.dart
DA:17,2
DA:19,0
DA:21,0
DA:22,0
DA:23,0
DA:25,0
DA:27,0
DA:29,0
DA:30,0
DA:31,0
DA:32,0
DA:35,0
DA:36,0
DA:37,0
DA:38,0
DA:39,0
DA:42,0
DA:43,0
DA:44,0
DA:45,0
DA:46,0
DA:47,0
DA:48,0
DA:49,0
DA:50,0
DA:53,0
DA:54,0
DA:57,0
DA:58,0
DA:61,0
DA:64,0
DA:65,0
DA:70,0
DA:73,0
DA:74,0
DA:78,0
DA:79,0
DA:80,0
DA:82,0
DA:83,0
DA:86,0
DA:89,0
DA:90,0
DA:91,0
DA:92,0
DA:93,0
DA:94,0
DA:98,0
DA:99,0
DA:100,0
DA:101,0
DA:102,0
DA:103,0
DA:111,0
DA:112,0
DA:114,0
DA:115,0
DA:116,0
DA:117,0
DA:120,0
DA:122,0
DA:124,0
DA:129,0
DA:132,0
DA:133,0
DA:137,0
DA:138,0
DA:140,0
DA:142,0
DA:146,0
DA:147,0
DA:150,0
DA:152,0
DA:159,0
DA:160,0
DA:161,0
DA:162,0
DA:163,0
DA:164,0
DA:166,0
DA:168,0
DA:169,0
DA:170,0
DA:172,0
DA:173,0
DA:198,0
DA:202,0
DA:208,0
DA:210,0
DA:212,0
DA:213,0
DA:214,0
DA:216,0
DA:217,0
DA:219,0
DA:220,0
DA:221,0
DA:225,0
DA:226,0
DA:229,0
DA:239,0
DA:240,0
DA:242,0
DA:243,0
DA:245,0
DA:247,0
DA:249,0
DA:258,0
DA:266,0
DA:268,0
DA:270,0
DA:271,0
DA:272,0
DA:278,0
DA:279,0
DA:282,0
DA:283,0
DA:284,0
DA:285,0
DA:286,0
DA:289,0
DA:290,0
DA:292,0
DA:294,0
DA:295,0
DA:296,0
DA:301,0
DA:302,0
DA:304,0
DA:306,0
DA:307,0
DA:308,0
DA:311,0
DA:312,0
DA:313,0
DA:318,0
DA:319,0
DA:320,0
DA:321,0
DA:324,0
DA:327,0
DA:341,0
DA:352,0
DA:353,0
DA:356,0
DA:357,0
DA:359,0
DA:363,0
DA:365,0
DA:367,0
DA:368,0
DA:373,0
DA:375,0
DA:376,0
DA:377,0
DA:378,0
DA:384,0
DA:385,0
DA:387,0
DA:390,0
DA:397,0
DA:398,0
DA:399,0
DA:401,0
DA:402,0
DA:405,0
DA:408,0
DA:409,0
DA:410,0
DA:412,0
DA:416,0
DA:417,0
DA:418,0
DA:420,0
DA:446,0
DA:447,0
DA:448,0
DA:454,0
DA:455,0
DA:457,0
DA:458,0
DA:459,0
DA:460,0
DA:461,0
DA:462,0
DA:463,0
DA:464,0
DA:466,0
DA:468,0
DA:470,0
LF:190
LH:1
end_of_record
SF:lib/src/ui/ticket/ticket_pdf_page.dart
DA:16,2
DA:18,0
DA:19,0
DA:20,0
DA:22,0
DA:24,0
DA:25,0
DA:27,0
DA:28,0
DA:29,0
DA:30,0
DA:34,0
DA:35,0
DA:37,0
DA:38,0
DA:39,0
DA:44,0
DA:45,0
DA:46,0
DA:54,0
DA:56,0
DA:57,0
DA:60,0
DA:62,0
DA:66,0
DA:67,0
DA:69,0
DA:70,0
DA:71,0
DA:74,0
DA:75,0
DA:78,0
DA:82,0
DA:88,0
DA:90,0
DA:95,0
DA:96,0
DA:97,0
DA:98,0
DA:102,0
DA:104,0
DA:111,0
DA:112,0
DA:113,0
DA:115,0
DA:117,0
DA:118,0
DA:119,0
DA:122,0
DA:126,0
LF:50
LH:1
end_of_record
SF:lib/src/ui/top/top_page.dart
DA:21,3
DA:24,0
DA:25,0
DA:26,0
DA:31,0
DA:34,0
DA:35,0
DA:36,0
DA:41,2
DA:43,3
DA:46,3
DA:50,6
DA:52,3
DA:53,6
DA:54,3
DA:56,3
DA:57,0
DA:58,0
DA:60,3
DA:61,3
DA:62,3
DA:64,6
DA:67,0
DA:70,0
DA:71,0
DA:72,0
DA:73,0
DA:75,0
DA:77,0
DA:81,3
DA:82,3
DA:83,0
DA:84,0
DA:85,0
DA:87,3
DA:89,9
DA:91,3
DA:93,3
DA:94,0
DA:95,0
DA:98,3
DA:103,0
DA:104,0
DA:106,0
DA:115,0
DA:121,0
DA:123,0
DA:124,0
DA:126,0
DA:127,0
DA:129,0
DA:131,0
DA:133,0
DA:134,0
DA:141,0
DA:142,0
DA:143,0
DA:144,0
DA:145,0
DA:146,0
DA:147,0
DA:148,0
DA:149,0
DA:160,0
DA:165,0
DA:166,0
DA:167,0
DA:168,0
DA:169,0
DA:170,0
DA:171,0
LF:71
LH:20
end_of_record
SF:lib/src/ui/top/top_page.g.dart
DA:11,3
DA:15,9
DA:25,0
DA:29,0
DA:30,0
LF:5
LH:2
end_of_record
SF:lib/src/ui/usage_history/history_details.dart
DA:13,0
DA:16,2
DA:18,2
DA:19,2
DA:22,2
DA:23,2
DA:26,4
DA:27,4
DA:29,2
DA:30,2
DA:31,2
DA:32,2
DA:33,4
DA:40,2
DA:45,2
DA:48,2
DA:49,4
DA:50,2
DA:51,2
DA:52,2
DA:53,6
DA:59,2
DA:60,2
DA:61,2
DA:63,2
DA:64,4
DA:65,2
DA:67,2
DA:69,4
DA:74,2
DA:75,2
DA:77,2
DA:78,2
DA:80,6
DA:82,4
DA:86,2
DA:87,6
DA:88,6
DA:89,6
DA:102,2
DA:108,2
DA:111,4
DA:113,2
DA:114,2
DA:115,4
DA:116,4
DA:118,2
DA:119,6
DA:121,2
DA:122,2
DA:123,4
DA:125,4
DA:139,1
DA:146,1
DA:147,1
DA:148,1
DA:149,1
DA:151,1
DA:153,3
DA:154,2
DA:155,1
DA:157,1
DA:158,1
DA:159,1
DA:162,1
DA:163,2
DA:164,3
DA:168,1
DA:170,1
DA:171,1
DA:172,1
DA:173,1
DA:175,1
DA:177,1
DA:186,1
DA:187,1
DA:189,1
DA:190,1
DA:192,3
DA:194,2
DA:197,1
DA:199,1
DA:201,3
DA:202,3
DA:211,1
DA:216,1
DA:217,1
DA:218,1
DA:220,1
DA:222,3
DA:230,1
DA:232,1
DA:233,1
DA:234,1
DA:237,2
DA:240,1
DA:241,1
DA:242,3
DA:243,2
DA:250,1
DA:252,1
DA:253,1
DA:254,1
DA:257,2
DA:260,1
DA:261,8
DA:262,3
DA:263,2
DA:276,2
DA:277,2
DA:279,4
DA:280,2
DA:282,2
DA:283,2
DA:284,2
DA:286,2
DA:287,6
DA:288,2
DA:290,2
DA:293,2
DA:295,2
DA:296,4
DA:302,2
DA:303,2
DA:305,2
DA:306,2
DA:309,2
DA:310,6
DA:311,2
DA:315,2
DA:318,2
DA:319,6
DA:320,2
DA:332,2
DA:340,2
DA:342,4
DA:343,2
DA:345,2
DA:346,2
DA:347,6
DA:349,2
DA:351,2
DA:352,2
DA:353,2
DA:354,2
DA:356,2
DA:357,4
DA:358,2
DA:360,2
DA:362,4
DA:367,2
DA:368,2
DA:370,2
DA:371,2
DA:372,2
DA:373,6
DA:375,4
DA:379,2
DA:380,2
DA:381,6
DA:382,6
DA:390,2
DA:395,2
DA:396,6
DA:397,2
DA:399,2
DA:400,2
DA:401,6
DA:402,4
DA:410,2
DA:412,2
DA:413,4
DA:414,2
DA:415,2
DA:416,6
DA:419,2
DA:421,2
DA:422,2
DA:423,4
DA:424,6
DA:426,4
DA:430,2
DA:431,2
DA:432,6
DA:433,6
LF:185
LH:184
end_of_record
SF:lib/src/ui/usage_history/history_page.dart
DA:17,2
DA:19,3
DA:21,3
DA:22,3
DA:23,6
DA:26,3
DA:28,3
DA:29,3
DA:30,12
DA:32,6
DA:34,3
DA:35,3
DA:36,3
DA:37,3
DA:38,3
DA:47,3
DA:49,3
DA:50,2
DA:51,3
DA:58,2
DA:65,2
DA:68,2
DA:69,2
DA:70,2
DA:71,8
DA:73,4
DA:74,2
DA:75,8
DA:78,2
DA:79,4
DA:81,2
DA:82,0
DA:87,2
DA:89,2
DA:90,4
DA:92,1
DA:93,4
DA:95,4
DA:96,2
DA:99,0
DA:100,0
DA:102,0
DA:105,4
DA:106,8
DA:109,2
DA:121,2
DA:129,2
DA:130,2
DA:131,2
DA:132,2
DA:134,2
DA:135,6
DA:138,2
DA:140,6
DA:141,4
DA:142,2
DA:143,2
DA:145,2
DA:146,0
DA:147,1
DA:148,2
DA:150,2
DA:151,2
DA:152,2
DA:155,2
DA:156,4
DA:157,6
DA:161,2
DA:163,2
DA:164,2
DA:165,2
DA:166,2
DA:168,2
DA:169,2
DA:170,2
DA:179,2
DA:180,2
DA:182,2
DA:183,2
DA:185,6
DA:187,4
DA:193,2
DA:194,2
DA:195,6
DA:196,6
DA:204,2
DA:206,6
DA:211,2
DA:212,2
DA:213,2
DA:216,4
DA:219,2
DA:220,4
DA:221,6
DA:222,4
DA:227,2
DA:232,2
DA:233,2
DA:236,2
DA:237,2
DA:239,2
DA:240,2
DA:241,6
DA:242,2
DA:257,2
DA:258,2
DA:259,4
DA:261,2
DA:263,2
DA:265,1
DA:272,2
DA:278,2
DA:285,2
DA:287,2
DA:289,3
DA:293,2
DA:294,2
DA:295,6
DA:296,3
DA:297,3
DA:300,2
DA:301,4
DA:302,6
DA:303,3
DA:304,3
DA:307,3
DA:312,3
DA:313,3
DA:315,3
DA:316,3
DA:318,3
DA:321,3
DA:322,3
DA:323,3
DA:330,3
DA:333,3
DA:337,3
DA:339,3
DA:342,3
DA:346,3
DA:348,6
LF:141
LH:136
end_of_record
SF:lib/src/ui/user/owner_detail_page.dart
DA:16,0
DA:17,0
DA:18,0
DA:19,0
DA:23,0
DA:26,0
DA:28,0
DA:29,0
DA:33,0
DA:36,0
DA:37,0
DA:38,0
DA:39,0
DA:42,0
DA:43,0
DA:44,0
DA:55,0
DA:63,0
DA:65,0
DA:67,0
DA:68,0
DA:69,0
DA:70,0
DA:71,0
DA:73,0
DA:74,0
DA:76,0
DA:77,0
DA:81,0
DA:82,0
DA:83,0
DA:87,0
DA:88,0
DA:89,0
DA:91,0
DA:94,0
DA:95,0
DA:97,0
DA:98,0
DA:100,0
DA:101,0
DA:102,0
DA:103,0
DA:109,0
DA:111,0
DA:112,0
DA:117,0
DA:118,0
DA:119,0
DA:120,0
DA:128,0
DA:130,0
DA:131,0
DA:132,0
DA:133,0
DA:134,0
DA:144,0
DA:147,0
DA:148,0
DA:149,0
DA:150,0
DA:151,0
DA:154,0
DA:156,0
DA:157,0
DA:158,0
DA:159,0
DA:161,0
DA:165,0
DA:166,0
DA:177,0
DA:178,0
DA:179,0
DA:183,0
DA:184,0
DA:185,0
DA:186,0
DA:191,0
DA:192,0
DA:193,0
DA:194,0
DA:204,0
DA:206,0
DA:208,0
DA:209,0
DA:210,0
DA:211,0
DA:213,0
DA:228,0
DA:229,0
DA:230,0
DA:232,0
DA:233,0
DA:234,0
DA:235,0
DA:236,0
DA:248,0
DA:249,0
DA:250,0
DA:253,0
DA:255,0
DA:256,0
DA:257,0
DA:258,0
DA:259,0
DA:262,0
DA:263,0
DA:264,0
DA:266,0
DA:270,0
DA:272,0
DA:273,0
DA:279,0
DA:280,0
DA:281,0
DA:282,0
DA:291,0
DA:292,0
DA:293,0
DA:295,0
DA:296,0
DA:297,0
DA:298,0
DA:299,0
DA:302,0
DA:303,0
DA:304,0
DA:306,0
DA:310,0
DA:312,0
DA:313,0
DA:323,0
DA:325,0
DA:326,0
DA:328,0
DA:332,0
DA:335,0
DA:336,0
DA:339,0
DA:340,0
DA:345,0
DA:346,0
DA:349,0
DA:350,0
DA:351,0
DA:353,0
DA:356,0
DA:358,0
DA:360,0
DA:363,0
DA:364,0
DA:365,0
DA:367,0
DA:370,0
DA:373,0
DA:376,0
DA:379,0
DA:382,0
DA:385,0
DA:391,0
DA:396,0
DA:397,0
DA:399,0
DA:402,0
DA:414,0
DA:417,0
DA:418,0
DA:420,0
DA:429,0
DA:431,0
DA:432,0
DA:438,0
DA:439,0
DA:440,0
DA:454,0
DA:455,0
DA:457,0
DA:459,0
DA:468,0
DA:473,0
DA:474,0
DA:478,0
DA:481,0
DA:489,0
DA:500,0
DA:518,0
DA:519,0
DA:521,0
DA:522,0
DA:523,0
DA:525,0
DA:526,0
DA:527,0
DA:532,0
DA:535,0
DA:538,0
DA:539,0
DA:540,0
DA:543,0
DA:545,0
DA:546,0
DA:547,0
DA:560,0
DA:561,0
DA:562,0
DA:563,0
DA:574,0
DA:575,0
DA:577,0
DA:578,0
DA:580,0
DA:582,0
DA:585,0
DA:586,0
DA:599,0
DA:600,0
DA:601,0
DA:603,0
LF:218
LH:0
end_of_record
SF:lib/src/ui/user/user_edit_page.dart
DA:18,0
DA:21,0
DA:23,0
DA:25,0
DA:26,0
DA:27,0
DA:29,0
DA:31,0
DA:32,0
DA:34,0
DA:36,0
DA:37,0
DA:41,0
DA:42,0
DA:44,0
DA:47,0
DA:48,0
DA:49,0
DA:51,0
DA:53,0
DA:56,0
DA:57,0
DA:58,0
DA:61,0
DA:62,0
DA:66,0
LF:26
LH:0
end_of_record
SF:lib/src/ui/user/user_page.dart
DA:19,2
DA:21,0
DA:24,0
DA:26,0
DA:29,0
DA:31,0
DA:33,0
DA:34,0
DA:36,0
DA:37,0
DA:38,0
DA:42,0
DA:43,0
DA:44,0
DA:45,0
DA:47,0
DA:49,0
DA:50,0
DA:56,0
DA:58,0
DA:60,0
DA:61,0
DA:62,0
DA:64,0
DA:66,0
DA:72,0
DA:74,0
DA:75,0
DA:83,0
DA:84,0
DA:85,0
DA:86,0
LF:32
LH:1
end_of_record
SF:lib/src/ui/auth/auth_view_model.dart
DA:14,0
DA:16,0
DA:20,0
DA:21,0
DA:23,0
DA:24,0
DA:25,0
DA:27,0
DA:28,0
DA:29,0
DA:30,0
DA:31,0
DA:32,0
DA:34,0
DA:35,0
DA:38,0
DA:39,0
DA:44,0
DA:45,0
DA:47,0
DA:48,0
DA:49,0
DA:51,0
DA:52,0
DA:53,0
DA:54,0
DA:55,0
DA:56,0
DA:58,0
DA:59,0
DA:62,0
DA:63,0
DA:68,0
DA:70,0
[...]
DA:145,0
DA:146,0
DA:147,0
DA:156,0
LF:54
LH:0
end_of_record
SF:lib/src/ui/sns/profile/widget/profile_edit_dialog.dart
DA:7,0
DA:16,0
DA:18,0
DA:19,0
DA:21,0
DA:22,0
DA:23,0
DA:25,0
DA:27,0
DA:28,0
DA:30,0
DA:31,0
DA:41,0
DA:52,0
DA:55,0
DA:57,0
DA:62,0
DA:63,0
DA:64,0
DA:67,0
DA:69,0
DA:71,0
DA:72,0
DA:74,0
DA:75,0
DA:76,0
DA:77,0
DA:80,0
DA:84,0
LF:29
LH:0
end_of_record
SF:lib/src/ui/sns/search/search_view_model.dart
DA:17,0
DA:18,0
DA:19,0
DA:21,0
DA:23,0
DA:27,0
DA:28,0
DA:29,0
DA:33,0
DA:36,0
DA:37,0
DA:39,0
DA:41,0
DA:44,0
DA:45,0
DA:46,0
DA:49,0
DA:50,0
DA:52,0
DA:53,0
DA:55,0
DA:57,0
DA:59,0
DA:62,0
DA:66,0
DA:67,0
DA:69,0
DA:72,0
DA:74,0
DA:75,0
DA:76,0
DA:79,0
DA:80,0
DA:81,0
DA:83,0
DA:85,0
DA:89,0
DA:90,0
DA:91,0
DA:93,0
DA:95,0
DA:98,0
DA:99,0
DA:101,0
DA:103,0
DA:104,0
DA:107,0
DA:110,0
DA:114,0
DA:115,0
DA:116,0
DA:117,0
DA:118,0
DA:119,0
DA:124,2
DA:134,0
DA:139,0
DA:140,0
DA:141,0
DA:142,0
LF:60
LH:1
end_of_record
SF:lib/src/ui/sns/search/search_view_model.g.dart
DA:11,0
DA:15,0
DA:16,0
LF:3
LH:0
end_of_record
SF:lib/src/ui/sns/search/widget/search_bar_widget.dart
DA:4,0
DA:17,0
DA:19,0
DA:20,0
DA:21,0
DA:22,0
DA:26,0
DA:27,0
DA:29,0
DA:30,0
DA:31,0
DA:35,0
DA:36,0
DA:37,0
DA:39,0
DA:40,0
DA:41,0
DA:43,0
DA:44,0
DA:45,0
DA:53,0
DA:54,0
LF:22
LH:0
end_of_record
SF:lib/src/ui/sns/search/widget/user_search_card.dart
DA:6,0
DA:11,0
DA:13,0
DA:15,0
DA:16,0
DA:17,0
DA:19,0
DA:20,0
DA:23,0
DA:24,0
DA:25,0
DA:26,0
DA:32,0
DA:33,0
DA:36,0
DA:38,0
DA:39,0
DA:40,0
DA:41,0
DA:44,0
DA:46,0
DA:47,0
DA:48,0
DA:49,0
DA:50,0
DA:51,0
DA:54,0
DA:55,0
DA:56,0
LF:29
LH:0
end_of_record
SF:lib/src/ui/terms/terms_view_model.g.dart
DA:11,0
DA:15,0
DA:17,0
DA:19,0
DA:21,0
DA:22,0
DA:25,0
DA:27,0
DA:29,0
DA:30,0
DA:50,2
DA:53,0
DA:56,0
DA:61,0
DA:65,0
DA:66,0
DA:72,0
DA:77,0
DA:81,0
DA:89,0
DA:91,0
DA:92,0
DA:105,0
DA:113,0
DA:117,0
DA:121,0
DA:122,0
DA:126,0
DA:128,0
DA:130,0
DA:131,0
DA:132,0
DA:137,0
DA:142,0
DA:145,0
DA:148,0
DA:150,0
DA:153,0
DA:155,0
DA:156,0
DA:158,0
DA:170,0
DA:172,0
DA:173,0
LF:44
LH:1
end_of_record
SF:lib/src/ui/terms/terms_view_model.dart
DA:29,0
DA:31,0
DA:32,0
DA:34,0
DA:38,0
DA:39,0
DA:41,0
DA:42,0
DA:43,0
DA:44,0
DA:48,0
DA:49,0
DA:50,0
DA:51,0
DA:59,0
DA:60,0
DA:61,0
DA:62,0
DA:64,0
DA:65,0
DA:68,0
DA:69,0
DA:70,0
DA:72,0
DA:74,0
DA:75,0
DA:76,0
DA:78,0
DA:79,0
DA:80,0
DA:81,0
DA:84,0
DA:90,0
DA:91,0
DA:93,0
DA:94,0
DA:95,0
DA:97,0
DA:99,0
DA:100,0
DA:101,0
DA:103,0
DA:104,0
DA:105,0
DA:106,0
DA:109,0
DA:115,0
DA:116,0
DA:118,0
DA:119,0
DA:120,0
DA:122,0
DA:123,0
DA:124,0
DA:125,0
DA:126,0
DA:128,0
DA:129,0
DA:130,0
DA:131,0
DA:134,0
DA:140,0
DA:141,0
DA:143,0
DA:144,0
DA:145,0
DA:147,0
DA:148,0
DA:149,0
DA:150,0
DA:151,0
DA:152,0
DA:154,0
DA:155,0
DA:156,0
DA:157,0
DA:160,0
DA:166,0
DA:167,0
DA:169,0
DA:170,0
DA:171,0
DA:173,0
DA:174,0
DA:175,0
DA:176,0
DA:178,0
DA:179,0
DA:180,0
DA:181,0
DA:184,0
DA:190,0
DA:191,0
DA:193,0
DA:198,0
DA:199,0
DA:201,0
DA:202,0
DA:203,0
DA:204,0
DA:205,0
DA:206,0
DA:209,0
DA:210,0
DA:212,0
DA:213,0
DA:214,0
DA:215,0
DA:222,0
DA:223,0
DA:225,0
DA:226,0
DA:227,0
DA:229,0
DA:230,0
DA:232,0
DA:233,0
DA:234,0
DA:235,0
DA:244,0
DA:246,0
DA:247,0
DA:248,0
DA:249,0
DA:251,0
DA:253,0
DA:256,0
DA:257,0
DA:258,0
DA:260,0
DA:261,0
DA:263,0
DA:267,0
DA:268,0
DA:275,0
DA:277,0
DA:278,0
DA:279,0
DA:280,0
DA:282,0
DA:284,0
DA:285,0
DA:286,0
DA:288,0
DA:289,0
DA:291,0
DA:295,0
DA:296,0
DA:303,0
DA:304,0
DA:306,0
DA:307,0
DA:308,0
DA:309,0
DA:312,0
DA:314,0
DA:315,0
DA:318,0
DA:319,0
DA:322,0
DA:323,0
LF:161
LH:0
end_of_record
SF:lib/src/utils/security.dart
DA:6,0
DA:7,0
DA:8,0
DA:14,0
DA:16,0
DA:17,0
DA:19,0
DA:20,0
DA:23,0
DA:24,0
DA:28,0
DA:29,0
DA:31,0
DA:32,0
DA:34,0
DA:35,0
DA:38,0
DA:39,0
LF:18
LH:0
end_of_record
SF:lib/src/ui/ticket/ticket_list_view_model.dart
DA:17,0
DA:19,0
DA:20,0
DA:21,0
DA:22,0
DA:24,0
DA:38,0
DA:40,0
DA:42,0
DA:43,0
DA:47,0
DA:48,0
DA:49,0
DA:51,0
DA:55,0
DA:56,0
DA:58,0
DA:60,0
DA:61,0
DA:62,0
DA:66,0
DA:67,0
DA:71,0
DA:72,0
DA:75,0
DA:76,0
DA:81,0
DA:84,0
DA:85,0
DA:88,0
DA:89,0
DA:90,0
DA:91,0
DA:97,0
DA:99,0
DA:100,0
DA:101,0
DA:102,0
DA:103,0
DA:107,0
DA:108,0
DA:112,0
DA:113,0
DA:120,0
DA:125,0
DA:126,0
DA:131,0
DA:132,0
DA:133,0
DA:134,0
DA:140,0
DA:143,0
DA:148,0
DA:150,0
DA:151,0
DA:152,0
DA:155,0
DA:157,0
DA:164,0
DA:168,0
DA:169,0
DA:174,0
DA:175,0
DA:176,0
DA:179,0
DA:180,0
DA:181,0
DA:183,0
DA:184,0
DA:186,0
DA:187,0
DA:188,0
DA:192,0
DA:194,0
DA:197,0
DA:202,0
DA:203,0
DA:204,0
DA:205,0
DA:209,0
DA:213,0
DA:217,0
DA:218,0
DA:222,0
DA:223,0
DA:226,0
DA:228,0
DA:230,0
DA:233,0
DA:235,0
DA:236,0
DA:237,0
DA:238,0
DA:242,0
DA:247,0
DA:248,0
DA:249,0
DA:251,0
DA:252,0
DA:253,0
DA:257,0
DA:258,0
DA:259,0
DA:263,0
DA:264,0
DA:265,0
DA:266,0
DA:267,0
DA:268,0
DA:269,0
DA:273,0
DA:276,0
DA:278,0
DA:279,0
DA:280,0
DA:281,0
DA:284,0
DA:285,0
DA:286,0
DA:290,0
DA:291,0
DA:292,0
DA:296,0
DA:298,0
DA:299,0
DA:300,0
DA:303,0
DA:304,0
DA:306,0
DA:307,0
DA:308,0
DA:312,0
DA:314,0
DA:315,0
DA:316,0
DA:319,0
DA:320,0
DA:322,0
DA:323,0
DA:324,0
DA:328,0
DA:329,0
DA:332,0
DA:334,0
LF:144
LH:0
end_of_record
SF:lib/src/ui/ticket/ticket_list_view_model.g.dart
DA:11,0
DA:15,0
DA:16,0
DA:26,0
DA:31,0
DA:32,0
LF:6
LH:0
end_of_record
SF:lib/src/ui/ticket/qrcode_scanner_view_model.dart
DA:17,0
DA:21,0
DA:22,0
DA:26,0
DA:27,0
DA:32,0
DA:33,0
DA:34,0
DA:36,0
DA:40,0
DA:44,0
DA:46,0
DA:48,0
DA:49,0
DA:50,0
DA:51,0
DA:52,0
DA:53,0
DA:54,0
DA:55,0
DA:58,0
DA:60,0
DA:61,0
DA:64,0
DA:65,0
DA:70,0
DA:72,0
DA:74,0
DA:76,0
DA:80,0
DA:81,0
DA:82,0
DA:84,0
DA:86,0
DA:89,0
DA:91,0
DA:92,0
DA:93,0
DA:94,0
DA:97,0
DA:98,0
DA:102,0
DA:107,0
DA:110,0
DA:111,0
DA:113,0
DA:114,0
DA:115,0
DA:116,0
DA:120,0
DA:121,0
DA:123,0
DA:124,0
DA:126,0
DA:127,0
DA:128,0
DA:129,0
DA:134,0
DA:135,0
DA:139,0
DA:140,0
DA:143,0
DA:144,0
DA:145,0
DA:146,0
DA:148,0
DA:152,0
DA:157,0
DA:158,0
DA:159,0
DA:165,0
DA:166,0
DA:167,0
DA:168,0
LF:74
LH:0
end_of_record
SF:lib/src/ui/ticket/qrcode_scanner_view_model.g.dart
DA:11,0
DA:18,0
DA:19,0
LF:3
LH:0
end_of_record
SF:lib/src/ui/top/program_screen.dart
DA:19,2
DA:21,3
DA:23,3
DA:24,6
DA:25,3
DA:26,6
DA:28,3
DA:30,3
DA:31,3
DA:34,3
DA:35,0
DA:36,0
DA:37,0
DA:39,0
DA:40,0
DA:42,3
DA:44,3
DA:45,3
DA:48,0
DA:49,0
DA:50,0
DA:52,0
DA:53,0
DA:55,0
DA:56,0
DA:57,0
DA:58,0
DA:59,0
DA:60,0
DA:61,0
DA:62,0
DA:89,0
DA:92,0
DA:93,0
DA:96,0
DA:97,0
DA:99,0
DA:100,0
DA:104,0
DA:108,0
DA:110,0
DA:111,0
DA:123,0
DA:128,0
DA:129,0
DA:130,0
DA:133,0
DA:134,0
DA:135,0
DA:136,0
DA:137,0
DA:142,0
DA:144,0
DA:145,0
DA:148,0
DA:150,0
DA:159,0
DA:160,0
DA:164,0
DA:165,0
DA:166,0
DA:167,0
DA:168,0
DA:173,0
DA:175,0
DA:176,0
DA:179,0
DA:181,0
DA:195,3
DA:196,3
DA:197,3
DA:199,0
DA:203,3
DA:204,3
DA:206,3
DA:207,6
DA:209,3
DA:211,3
DA:213,12
DA:217,3
DA:219,3
DA:221,12
DA:232,0
DA:235,0
DA:237,0
DA:241,0
DA:242,0
DA:245,0
DA:248,0
DA:250,0
DA:252,0
DA:253,0
DA:255,0
DA:257,0
DA:259,0
DA:260,0
DA:261,0
DA:262,0
DA:263,0
DA:265,0
DA:268,0
DA:270,0
DA:272,0
DA:280,0
DA:282,0
DA:283,0
DA:285,0
DA:286,0
DA:288,0
DA:290,0
DA:293,0
DA:301,0
DA:302,0
DA:303,0
DA:306,0
DA:307,0
DA:308,0
DA:309,0
DA:317,0
DA:318,0
DA:320,0
DA:322,0
DA:323,0
DA:324,0
DA:327,0
DA:330,0
DA:332,0
DA:333,0
DA:334,0
DA:335,0
DA:341,0
DA:343,0
DA:345,0
DA:347,0
DA:349,0
DA:350,0
DA:351,0
DA:352,0
DA:356,0
DA:357,0
DA:358,0
DA:359,0
DA:360,0
DA:361,0
DA:376,0
DA:391,0
DA:393,0
DA:416,0
DA:417,0
DA:420,0
DA:421,0
DA:438,0
DA:441,0
DA:443,0
DA:444,0
DA:445,0
DA:446,0
DA:448,0
DA:451,0
DA:452,0
DA:454,0
DA:455,0
DA:457,0
DA:461,0
DA:462,0
DA:463,0
DA:464,0
DA:472,0
DA:474,0
DA:475,0
DA:484,0
DA:486,0
DA:487,0
DA:489,0
DA:493,0
DA:494,0
DA:495,0
DA:496,0
DA:504,0
DA:506,0
DA:507,0
DA:517,0
DA:518,0
DA:520,0
DA:521,0
DA:523,0
DA:527,0
DA:528,0
DA:529,0
DA:530,0
DA:538,0
DA:540,0
DA:541,0
DA:557,0
DA:558,0
DA:559,0
DA:560,0
DA:561,0
DA:564,0
LF:199
LH:26
end_of_record
SF:lib/src/ui/top/widgets/program_search_card.dart
DA:9,0
DA:13,0
DA:15,0
DA:17,0
DA:19,0
DA:20,0
DA:21,0
DA:22,0
DA:23,0
DA:24,0
DA:25,0
DA:28,0
DA:30,0
DA:32,0
DA:33,0
DA:42,0
DA:47,0
DA:48,0
DA:50,0
DA:51,0
DA:52,0
DA:54,0
DA:56,0
DA:58,0
DA:61,0
DA:66,0
DA:68,0
DA:69,0
DA:71,0
DA:73,0
DA:75,0
DA:76,0
DA:78,0
DA:79,0
DA:80,0
DA:91,0
DA:94,0
DA:96,0
DA:102,0
DA:104,0
DA:109,0
DA:110,0
DA:112,0
DA:114,0
DA:116,0
DA:117,0
DA:118,0
DA:119,0
DA:123,0
DA:124,0
DA:125,0
DA:127,0
DA:128,0
DA:129,0
DA:131,0
DA:133,0
DA:135,0
DA:141,0
DA:142,0
DA:143,0
DA:145,0
DA:146,0
DA:147,0
DA:150,0
DA:153,0
DA:154,0
DA:155,0
DA:156,0
DA:158,0
DA:160,0
DA:168,0
DA:169,0
DA:171,0
DA:172,0
DA:173,0
DA:176,0
DA:179,0
DA:180,0
DA:181,0
DA:182,0
DA:184,0
DA:186,0
DA:194,0
DA:195,0
DA:197,0
DA:198,0
DA:199,0
DA:202,0
DA:205,0
DA:206,0
DA:207,0
DA:208,0
DA:210,0
DA:212,0
DA:226,0
DA:227,0
DA:228,0
DA:231,0
DA:232,0
DA:233,0
DA:234,0
DA:236,0
DA:237,0
DA:238,0
DA:239,0
DA:240,0
DA:241,0
DA:242,0
DA:243,0
DA:246,0
DA:248,0
DA:250,0
DA:255,0
DA:257,0
DA:258,0
DA:259,0
DA:260,0
DA:261,0
DA:263,0
DA:264,0
DA:265,0
DA:268,0
DA:270,0
DA:277,0
DA:278,0
DA:279,0
DA:280,0
DA:283,0
DA:284,0
DA:286,0
DA:291,0
DA:294,0
DA:295,0
DA:296,0
DA:297,0
DA:301,0
DA:302,0
DA:303,0
DA:311,0
DA:314,0
DA:316,0
DA:317,0
DA:318,0
DA:319,0
DA:321,0
DA:323,0
DA:328,0
DA:329,0
DA:330,0
DA:331,0
DA:333,0
DA:335,0
DA:347,0
DA:349,0
DA:350,0
DA:353,0
DA:355,0
DA:365,0
DA:367,0
DA:369,0
DA:371,0
DA:373,0
DA:380,0
DA:382,0
DA:383,0
DA:386,0
DA:388,0
DA:389,0
DA:393,0
DA:395,0
DA:399,0
DA:401,0
DA:403,0
DA:405,0
DA:407,0
LF:175
LH:0
end_of_record
SF:lib/src/ui/usage_history/history_state.g.dart
DA:11,0
DA:15,0
DA:17,2
DA:19,4
DA:21,8
DA:22,4
DA:25,2
DA:27,8
DA:29,4
DA:30,8
DA:41,2
DA:44,0
DA:47,0
DA:52,0
DA:56,0
DA:57,0
DA:63,0
DA:68,0
DA:72,0
DA:80,0
DA:82,0
DA:83,0
DA:99,0
DA:107,0
DA:111,0
DA:115,0
DA:117,0
DA:118,0
DA:119,0
DA:124,0
DA:129,0
DA:131,0
DA:134,0
DA:136,0
DA:139,0
DA:141,0
DA:142,0
DA:144,0
DA:156,0
DA:158,0
DA:159,0
DA:162,1
DA:171,2
DA:174,2
DA:177,2
DA:182,0
DA:186,0
DA:187,0
DA:193,0
DA:198,0
DA:202,0
DA:209,2
DA:211,2
DA:212,2
DA:228,2
DA:236,2
DA:240,1
DA:244,1
DA:246,1
DA:247,2
DA:248,1
DA:253,1
DA:258,2
DA:260,2
DA:263,2
DA:265,8
DA:268,2
DA:270,6
DA:271,6
DA:273,2
DA:284,2
DA:286,0
DA:287,0
LF:73
LH:33
end_of_record
SF:lib/src/ui/usage_history/history_state.dart
DA:11,0
DA:13,0
DA:14,0
DA:16,0
DA:18,0
DA:21,1
DA:24,3
LF:7
LH:2
end_of_record
SF:lib/src/ui/usage_history/history_view_model.dart
DA:21,1
DA:23,1
DA:27,1
DA:28,2
DA:29,3
DA:30,1
DA:32,2
DA:33,1
DA:35,0
DA:37,0
DA:38,0
DA:39,0
DA:40,0
DA:41,0
DA:45,0
DA:46,0
DA:47,0
DA:51,0
DA:52,0
DA:53,0
DA:58,0
DA:59,0
DA:60,0
DA:61,0
DA:63,0
DA:66,0
DA:67,0
DA:68,0
DA:71,0
DA:73,0
DA:74,0
DA:76,0
DA:77,0
DA:78,0
DA:84,0
DA:89,0
DA:90,0
DA:91,0
DA:93,0
DA:94,0
DA:100,0
DA:101,0
DA:102,0
DA:105,0
DA:106,0
DA:107,0
DA:108,0
DA:112,0
DA:113,0
DA:114,0
DA:121,0
DA:122,0
DA:123,0
DA:124,0
DA:127,0
DA:128,0
DA:129,0
DA:132,0
DA:133,0
DA:134,0
DA:135,0
DA:139,0
DA:140,0
DA:141,0
LF:64
LH:8
end_of_record
SF:lib/src/ui/usage_history/history_view_model.g.dart
DA:11,1
DA:16,9
LF:2
LH:2
end_of_record
SF:lib/src/ui/user/components/commercial_transaction_section.dart
DA:11,0
DA:15,0
DA:17,0
DA:18,0
DA:19,0
DA:20,0
DA:23,0
DA:25,0
DA:26,0
DA:27,0
DA:28,0
DA:29,0
DA:32,0
DA:34,0
DA:36,0
DA:38,0
DA:39,0
DA:40,0
DA:42,0
DA:43,0
DA:44,0
DA:46,0
DA:48,0
DA:53,0
DA:54,0
DA:55,0
DA:56,0
DA:66,0
DA:68,0
DA:69,0
DA:70,0
DA:71,0
DA:72,0
DA:75,0
DA:77,0
DA:78,0
DA:80,0
DA:81,0
DA:85,0
DA:86,0
DA:87,0
DA:88,0
DA:89,0
DA:90,0
DA:92,0
DA:94,0
DA:95,0
DA:100,0
DA:102,0
DA:103,0
DA:105,0
DA:113,0
DA:114,0
DA:115,0
DA:116,0
DA:118,0
DA:119,0
DA:121,0
DA:122,0
DA:123,0
DA:124,0
DA:125,0
DA:126,0
DA:127,0
DA:131,0
DA:132,0
DA:136,0
DA:137,0
DA:138,0
DA:141,0
DA:142,0
DA:148,0
DA:149,0
DA:157,0
DA:158,0
DA:168,0
DA:170,0
DA:173,0
DA:189,0
DA:191,0
DA:192,0
LF:81
LH:0
end_of_record
SF:lib/src/ui/user/components/seller_action_buttons.dart
DA:8,0
DA:19,0
DA:21,0
DA:22,0
DA:24,0
DA:27,0
DA:28,0
DA:29,0
DA:30,0
DA:31,0
DA:34,0
DA:36,0
DA:38,0
DA:39,0
DA:40,0
DA:42,0
DA:43,0
DA:44,0
DA:46,0
DA:48,0
DA:53,0
DA:54,0
DA:55,0
DA:56,0
DA:66,0
DA:67,0
DA:68,0
DA:69,0
DA:75,0
DA:76,0
DA:77,0
DA:79,0
DA:80,0
DA:82,0
DA:83,0
DA:85,0
DA:86,0
DA:95,0
DA:97,0
DA:98,0
DA:99,0
DA:100,0
DA:101,0
DA:104,0
DA:105,0
DA:106,0
DA:108,0
DA:112,0
DA:113,0
DA:114,0
DA:115,0
DA:116,0
DA:127,0
DA:129,0
DA:130,0
DA:132,0
DA:133,0
DA:135,0
DA:136,0
DA:138,0
DA:139,0
LF:61
LH:0
end_of_record
SF:lib/src/ui/user/components/user_action_buttons.dart
DA:7,0
DA:24,0
DA:26,0
DA:28,0
DA:29,0
DA:31,0
DA:33,0
DA:34,0
DA:35,0
DA:36,0
DA:39,0
DA:40,0
DA:45,0
DA:46,0
DA:49,0
DA:50,0
DA:59,0
DA:61,0
DA:63,0
DA:64,0
DA:65,0
DA:66,0
DA:67,0
DA:71,0
DA:75,0
DA:77,0
DA:78,0
DA:79,0
DA:83,0
DA:95,0
DA:102,0
DA:105,0
DA:106,0
DA:108,0
DA:109,0
DA:110,0
DA:112,0
DA:113,0
DA:118,0
DA:119,0
DA:121,0
DA:122,0
DA:123,0
DA:125,0
DA:126,0
DA:128,0
DA:131,0
DA:132,0
DA:134,0
DA:135,0
DA:136,0
DA:138,0
DA:139,0
LF:53
LH:0
end_of_record
SF:lib/src/ui/user/components/user_edit_form.dart
DA:15,0
DA:28,0
DA:30,0
DA:31,0
DA:32,0
DA:34,0
DA:35,0
DA:37,0
DA:38,0
DA:39,0
DA:42,0
DA:44,0
DA:45,0
DA:47,0
DA:51,0
DA:55,0
DA:59,0
DA:63,0
DA:74,0
DA:85,0
DA:91,0
DA:92,0
DA:94,0
DA:95,0
DA:96,0
DA:97,0
DA:98,0
DA:101,0
DA:102,0
DA:103,0
DA:105,0
DA:110,0
DA:116,0
DA:121,0
DA:123,0
DA:124,0
DA:125,0
DA:126,0
DA:127,0
DA:130,0
DA:132,0
DA:133,0
DA:134,0
DA:135,0
DA:137,0
DA:141,0
DA:142,0
DA:143,0
DA:144,0
DA:150,0
DA:151,0
DA:152,0
DA:161,0
DA:166,0
DA:168,0
DA:169,0
DA:171,0
DA:172,0
DA:175,0
DA:176,0
DA:177,0
DA:182,0
DA:183,0
DA:185,0
DA:186,0
DA:188,0
DA:194,0
DA:199,0
DA:201,0
DA:202,0
DA:204,0
DA:205,0
DA:206,0
DA:210,0
DA:211,0
DA:212,0
DA:217,0
DA:218,0
DA:220,0
DA:221,0
DA:223,0
DA:229,0
DA:237,0
DA:238,0
DA:239,0
DA:242,0
DA:244,0
DA:245,0
DA:246,0
DA:252,0
DA:255,0
DA:257,0
DA:258,0
DA:259,0
DA:265,0
DA:268,0
DA:270,0
DA:271,0
DA:272,0
DA:281,0
DA:288,0
DA:290,0
DA:292,0
DA:294,0
DA:295,0
DA:296,0
DA:297,0
DA:299,0
DA:300,0
DA:301,0
DA:302,0
DA:305,0
DA:306,0
DA:307,0
DA:309,0
DA:310,0
DA:311,0
DA:314,0
DA:320,0
DA:325,0
DA:327,0
DA:328,0
DA:330,0
DA:331,0
DA:333,0
DA:334,0
DA:336,0
DA:342,0
DA:351,0
DA:353,0
DA:355,0
DA:357,0
DA:358,0
DA:360,0
DA:361,0
DA:362,0
DA:363,0
DA:367,0
DA:369,0
DA:370,0
DA:371,0
DA:377,0
DA:378,0
DA:381,0
DA:383,0
DA:384,0
DA:389,0
DA:390,0
DA:392,0
DA:393,0
LF:150
LH:0
end_of_record
SF:lib/src/ui/user/components/user_profile_card.dart
DA:10,0
DA:21,0
DA:23,0
DA:24,0
DA:26,0
DA:28,0
DA:29,0
DA:30,0
DA:31,0
DA:32,0
DA:35,0
DA:37,0
DA:38,0
DA:40,0
DA:44,0
DA:48,0
DA:55,0
DA:56,0
DA:57,0
DA:58,0
DA:59,0
DA:61,0
DA:62,0
DA:66,0
DA:68,0
DA:70,0
DA:71,0
DA:74,0
DA:75,0
DA:76,0
DA:77,0
DA:92,0
DA:93,0
DA:96,0
DA:97,0
DA:98,0
DA:100,0
DA:101,0
DA:105,0
DA:106,0
DA:116,0
DA:117,0
DA:118,0
DA:120,0
DA:121,0
DA:124,0
DA:125,0
DA:129,0
DA:130,0
DA:133,0
DA:134,0
DA:137,0
DA:138,0
DA:141,0
DA:142,0
DA:148,0
DA:154,0
DA:157,0
DA:158,0
DA:159,0
DA:160,0
DA:161,0
DA:164,0
DA:165,0
DA:166,0
DA:168,0
DA:169,0
DA:171,0
DA:172,0
DA:174,0
DA:175,0
DA:177,0
DA:181,0
DA:183,0
DA:185,0
DA:197,0
DA:198,0
DA:199,0
DA:200,0
DA:201,0
DA:202,0
DA:204,0
DA:205,0
DA:207,0
DA:208,0
LF:85
LH:0
end_of_record
SF:lib/src/ui/user/email_change_page.dart
DA:14,2
DA:16,0
DA:18,0
DA:19,0
DA:20,0
DA:22,0
DA:23,0
DA:24,0
DA:27,0
DA:29,0
DA:31,0
DA:32,0
DA:35,0
DA:36,0
DA:37,0
DA:38,0
DA:40,0
DA:42,0
DA:44,0
DA:46,0
DA:47,0
DA:48,0
DA:54,0
DA:55,0
DA:56,0
DA:57,0
DA:60,0
DA:62,0
DA:64,0
DA:66,0
DA:67,0
DA:69,0
DA:71,0
DA:78,0
DA:81,0
DA:82,0
DA:85,0
DA:86,0
DA:87,0
DA:89,0
DA:93,0
DA:96,0
DA:102,0
DA:105,0
DA:108,0
DA:109,0
DA:112,0
DA:113,0
DA:114,0
DA:119,0
DA:122,0
DA:123,0
DA:125,0
DA:128,0
DA:130,0
DA:133,0
DA:138,0
DA:141,0
DA:143,0
DA:144,0
DA:146,0
DA:147,0
DA:148,0
DA:150,0
DA:152,0
DA:159,0
DA:161,0
DA:162,0
DA:163,0
DA:164,0
DA:167,0
DA:169,0
DA:171,0
DA:172,0
DA:174,0
DA:175,0
DA:176,0
DA:180,0
DA:181,0
DA:183,0
DA:185,0
DA:189,0
DA:193,0
LF:83
LH:1
end_of_record
SF:lib/src/ui/user/password_change_page.dart
DA:13,2
DA:15,0
DA:17,0
DA:18,0
DA:19,0
DA:21,0
DA:22,0
DA:23,0
DA:24,0
DA:26,0
DA:28,0
DA:29,0
DA:32,0
DA:33,0
DA:34,0
DA:35,0
DA:37,0
DA:39,0
DA:41,0
DA:43,0
DA:44,0
DA:45,0
DA:51,0
DA:54,0
DA:55,0
DA:58,0
DA:59,0
DA:60,0
DA:68,0
DA:71,0
DA:72,0
DA:76,0
DA:77,0
DA:78,0
DA:80,0
DA:81,0
DA:89,0
DA:92,0
DA:93,0
DA:96,0
DA:97,0
DA:98,0
DA:100,0
DA:101,0
DA:109,0
DA:110,0
DA:112,0
DA:115,0
DA:117,0
DA:120,0
DA:125,0
DA:128,0
DA:130,0
DA:131,0
DA:133,0
DA:134,0
DA:135,0
DA:137,0
DA:139,0
DA:146,0
DA:148,0
DA:149,0
DA:150,0
DA:151,0
DA:154,0
DA:156,0
DA:158,0
DA:159,0
DA:161,0
DA:162,0
DA:163,0
DA:167,0
DA:168,0
DA:170,0
DA:172,0
DA:176,0
DA:180,0
LF:77
LH:1
end_of_record
SF:lib/src/utils/validation_utils.dart
DA:4,0
DA:5,0
DA:6,0
DA:9,0
DA:10,0
DA:15,0
DA:16,0
DA:17,0
DA:22,0
DA:23,0
DA:24,0
DA:29,0
DA:30,0
DA:31,0
DA:36,0
DA:37,0
DA:40,0
DA:41,0
DA:46,0
DA:47,0
DA:48,0
DA:49,0
DA:54,0
DA:55,0
DA:56,0
DA:57,0
DA:62,0
DA:63,0
DA:64,0
LF:29
LH:0
end_of_record
SF:lib/src/ui/user/email_change_view_model.dart
DA:19,0
DA:26,0
DA:28,0
DA:29,0
DA:30,0
DA:31,0
DA:37,0
DA:38,0
DA:41,0
DA:42,0
DA:44,0
DA:46,0
DA:49,0
DA:54,0
DA:57,0
DA:61,0
DA:62,0
DA:64,0
DA:65,0
DA:66,0
DA:68,0
DA:72,0
DA:77,0
DA:79,0
DA:83,0
DA:84,0
DA:85,0
DA:88,0
DA:89,0
DA:91,0
DA:93,0
DA:95,0
DA:97,0
DA:99,0
DA:102,0
DA:105,0
DA:107,0
DA:108,0
DA:111,0
DA:112,0
DA:115,0
DA:116,0
DA:122,0
DA:123,0
LF:44
LH:0
end_of_record
SF:lib/src/ui/user/email_change_view_model.g.dart
DA:11,0
DA:18,0
DA:19,0
LF:3
LH:0
end_of_record
SF:lib/src/ui/user/user_view_model.dart
DA:31,0
DA:34,0
DA:35,0
DA:36,0
DA:40,0
DA:41,0
DA:42,0
DA:43,0
DA:45,0
DA:46,0
DA:49,0
DA:50,0
DA:51,0
DA:53,0
DA:54,0
DA:60,0
DA:61,0
DA:62,0
DA:63,0
DA:65,0
DA:66,0
DA:69,0
DA:70,0
DA:71,0
DA:74,0
DA:76,0
DA:77,0
DA:79,0
DA:80,0
DA:86,0
DA:87,0
DA:89,0
DA:90,0
DA:91,0
DA:94,0
DA:95,0
DA:96,0
DA:98,0
DA:99,0
DA:105,0
DA:106,0
DA:108,0
DA:109,0
DA:110,0
DA:112,0
DA:115,0
DA:118,0
DA:119,0
DA:120,0
DA:122,0
DA:123,0
DA:129,0
DA:130,0
DA:132,0
DA:133,0
DA:134,0
DA:137,0
DA:138,0
DA:139,0
DA:141,0
DA:142,0
DA:148,0
DA:149,0
DA:150,0
DA:157,0
DA:158,0
DA:160,0
DA:161,0
DA:162,0
DA:163,0
DA:164,0
DA:165,0
DA:168,0
DA:169,0
DA:171,0
DA:172,0
DA:177,0
DA:178,0
DA:180,0
DA:181,0
DA:182,0
DA:184,0
DA:185,0
DA:187,0
DA:188,0
DA:195,0
DA:197,0
DA:198,0
DA:199,0
DA:200,0
DA:202,0
DA:203,0
DA:204,0
DA:205,0
DA:207,0
DA:208,0
DA:209,0
DA:210,0
DA:218,0
DA:220,0
DA:224,0
DA:225,0
DA:226,0
DA:228,0
DA:229,0
DA:231,0
DA:239,0
DA:240,0
DA:241,0
DA:243,0
DA:244,0
LF:111
LH:0
end_of_record
SF:lib/src/ui/user/user_view_model.g.dart
DA:11,0
DA:15,0
DA:16,0
LF:3
LH:0
end_of_record
SF:lib/src/ui/user/password_change_view_model.dart
DA:17,0
DA:24,0
DA:28,0
DA:31,0
DA:32,0
DA:34,0
DA:36,0
DA:39,0
DA:44,0
DA:45,0
DA:50,0
DA:52,0
DA:57,0
DA:59,0
DA:63,0
DA:64,0
DA:65,0
DA:66,0
DA:70,0
DA:71,0
DA:73,0
DA:75,0
DA:77,0
DA:79,0
DA:81,0
DA:84,0
DA:87,0
DA:89,0
DA:90,0
DA:93,0
DA:94,0
DA:97,0
DA:98,0
DA:104,0
DA:105,0
LF:35
LH:0
end_of_record
SF:lib/src/ui/user/password_change_view_model.g.dart
DA:11,0
DA:18,0
DA:19,0
LF:3
LH:0
end_of_record
SF:lib/src/ui/user/seller_registration_page.dart
DA:15,2
DA:17,0
DA:19,0
DA:21,0
DA:22,0
DA:24,0
DA:26,0
DA:27,0
DA:29,0
DA:30,0
DA:31,0
DA:34,0
DA:35,0
DA:37,0
DA:40,0
DA:41,0
DA:42,0
DA:43,0
DA:45,0
DA:48,0
DA:50,0
DA:52,0
DA:54,0
DA:55,0
DA:59,0
DA:61,0
DA:63,0
DA:64,0
LF:28
LH:1
end_of_record
SF:lib/src/app.dart
DA:12,1
DA:14,3
DA:16,6
DA:17,3
DA:18,6
DA:20,3
DA:22,6
DA:24,3
DA:25,3
DA:27,3
DA:31,3
DA:32,3
DA:33,3
DA:34,3
DA:35,6
LF:15
LH:15
end_of_record
SF:lib/src/settings/routes/app_router.dart
DA:11,9
DA:15,0
DA:16,0
DA:17,6
DA:18,3
DA:20,3
DA:23,3
DA:24,3
DA:28,3
DA:30,3
DA:31,6
DA:32,3
DA:35,3
LF:13
LH:11
end_of_record
SF:lib/src/settings/routes/app_router.g.dart
DA:11,3
DA:15,6
DA:16,3
LF:3
LH:3
end_of_record
SF:lib/src/settings/theme/app_theme.dart
DA:8,3
DA:9,3
DA:10,9
DA:11,3
DA:18,3
DA:19,3
DA:24,3
DA:25,6
DA:36,3
DA:37,3
DA:38,9
DA:39,3
DA:46,3
DA:47,3
DA:52,3
DA:53,6
DA:68,3
DA:71,0
DA:72,0
LF:19
LH:17
end_of_record
SF:lib/src/settings/theme/app_theme.g.dart
DA:11,3
DA:15,6
DA:16,3
LF:3
LH:3
end_of_record
